================================================================================
2020-12-16T00:22:34+00071 : downstream message of 187 bytes
--------------------------------------------------------------------------------
{"method":"transact","params":["Open_vSwitch",{"op":"select","table":"AWLAN_Node","where":[],"columns":["manager_addr","sku_number","serial_number","model","firmware_version"]}],"id":"0"}
--------------------------------------------------------------------------------

================================================================================
2020-12-16T00:22:34+00071 : upstream message of 169 bytes
--------------------------------------------------------------------------------
{"result":[{"rows":[{"sku_number":["set",[]],"serial_number":"SIM1000AEB000010","model":"EA8300","manager_addr":"","firmware_version":"0.1.0"}]}],"id":"0","error":null}

--------------------------------------------------------------------------------

================================================================================
2020-12-16T00:22:34+00071 : downstream message of 169 bytes
--------------------------------------------------------------------------------
{"method":"transact","params":["Open_vSwitch",{"op":"update","table":"AWLAN_Node","row":{"manager_addr":"ssl:opensync-controller.wlan.local:6640"},"where":[]}],"id":"1"}
--------------------------------------------------------------------------------

================================================================================
2020-12-16T00:22:34+00071 : upstream message of 47 bytes
--------------------------------------------------------------------------------
{"result":[{"count":1}],"id":"1","error":null}

--------------------------------------------------------------------------------

