================================================================================
2020-11-14T14:26:30+00002 : downstream message of 325 bytes
--------------------------------------------------------------------------------
{
  "params" : [
    "Open_vSwitch",
    {
      "where" : [
        
      ],
      "table" : "AWLAN_Node",
      "op" : "select",
      "columns" : [
        "manager_addr",
        "sku_number",
        "serial_number",
        "model",
        "firmware_version"
      ]
    }
  ],
  "method" : "transact",
  "id" : "1"
}
--------------------------------------------------------------------------------

================================================================================
2020-11-14T14:26:30+00002 : upstream message of 359 bytes
--------------------------------------------------------------------------------
{
  "result" : [
    {
      "rows" : [
        {
          "sku_number" : [
            "set",
            [
              
            ]
          ],
          "serial_number" : "21P10C69717951",
          "model" : "EA8300",
          "manager_addr" : "",
          "firmware_version" : "0.1.0"
        }
      ]
    }
  ],
  "id" : "1",
  "error" : null
}
--------------------------------------------------------------------------------

================================================================================
2020-11-14T14:26:30+00002 : downstream message of 273 bytes
--------------------------------------------------------------------------------
{
  "params" : [
    "Open_vSwitch",
    {
      "where" : [
        
      ],
      "table" : "AWLAN_Node",
      "row" : {
        "manager_addr" : "ssl:opensync-controller.wlan.local:6640"
      },
      "op" : "update"
    }
  ],
  "method" : "transact",
  "id" : "2"
}
--------------------------------------------------------------------------------

================================================================================
2020-11-14T14:26:30+00002 : upstream message of 84 bytes
--------------------------------------------------------------------------------
{
  "result" : [
    {
      "count" : 1
    }
  ],
  "id" : "2",
  "error" : null
}
--------------------------------------------------------------------------------

