================================================================================
2020-11-14T14:26:30+00002 : downstream message of 451 bytes
--------------------------------------------------------------------------------
{
  "params" : [
    "Open_vSwitch",
    {
      "where" : [
        
      ],
      "table" : "AWLAN_Node",
      "op" : "select",
      "columns" : [
        "mqtt_settings",
        "redirector_addr",
        "manager_addr",
        "sku_number",
        "serial_number",
        "model",
        "firmware_version",
        "platform_version",
        "revision",
        "version_matrix"
      ]
    }
  ],
  "method" : "transact",
  "id" : "3"
}
--------------------------------------------------------------------------------

================================================================================
2020-11-14T14:26:30+00002 : upstream message of 1872 bytes
--------------------------------------------------------------------------------
{
  "result" : [
    {
      "rows" : [
        {
          "version_matrix" : [
            "map",
            [
              [
                "DATE",
                "Mon Nov  2 09"
              ],
              [
                "FIRMWARE",
                "0.1.0-0-notgit-development"
              ],
              [
                "FW_BUILD",
                "0"
              ],
              [
                "FW_COMMIT",
                "notgit"
              ],
              [
                "FW_IMAGE_ACTIVE",
                "ea8300-2020-11-02-pending-97ebe9d"
              ],
              [
                "FW_IMAGE_INACTIVE",
                "unknown"
              ],
              [
                "FW_PROFILE",
                "development"
              ],
              [
                "FW_VERSION",
                "0.1.0"
              ],
              [
                "HOST",
                "runner@72477083da86"
              ],
              [
                "OPENSYNC",
                "2.0.5.0"
              ],
              [
                "core",
                "2.0.5.0/0/notgit"
              ],
              [
                "vendor/tip",
                "0.1.0/0/notgit"
              ]
            ]
          ],
          "sku_number" : [
            "set",
            [
              
            ]
          ],
          "serial_number" : "21P10C69717951",
          "revision" : "1",
          "redirector_addr" : "ssl:opensync-redirector.wlan.local:6643",
          "platform_version" : "OPENWRT_EA8300",
          "mqtt_settings" : [
            "map",
            [
              
            ]
          ],
          "model" : "EA8300",
          "manager_addr" : "ssl:opensync-controller.wlan.local:6640",
          "firmware_version" : "0.1.0"
        }
      ]
    }
  ],
  "id" : "3",
  "error" : null
}
--------------------------------------------------------------------------------

================================================================================
2020-11-14T14:26:30+00002 : downstream message of 432 bytes
--------------------------------------------------------------------------------
{
  "params" : [
    "Open_vSwitch",
    {
      "where" : [
        [
          "if_type",
          "==",
          "bridge"
        ],
        [
          "if_name",
          "==",
          "wan"
        ]
      ],
      "table" : "Wifi_Inet_State",
      "op" : "select",
      "columns" : [
        "inet_addr",
        "hwaddr",
        "if_name",
        "if_type"
      ]
    }
  ],
  "method" : "transact",
  "id" : "4"
}
--------------------------------------------------------------------------------

================================================================================
2020-11-14T14:26:30+00002 : upstream message of 252 bytes
--------------------------------------------------------------------------------
{
  "result" : [
    {
      "rows" : [
        {
          "inet_addr" : "10.20.0.113",
          "if_type" : "bridge",
          "if_name" : "wan",
          "hwaddr" : "58:ef:68:62:e7:f1"
        }
      ]
    }
  ],
  "id" : "4",
  "error" : null
}
--------------------------------------------------------------------------------

================================================================================
2020-11-14T14:26:30+00002 : downstream message of 432 bytes
--------------------------------------------------------------------------------
{
  "params" : [
    "Open_vSwitch",
    {
      "where" : [
        [
          "if_type",
          "==",
          "bridge"
        ],
        [
          "if_name",
          "==",
          "lan"
        ]
      ],
      "table" : "Wifi_Inet_State",
      "op" : "select",
      "columns" : [
        "inet_addr",
        "hwaddr",
        "if_type",
        "if_name"
      ]
    }
  ],
  "method" : "transact",
  "id" : "5"
}
--------------------------------------------------------------------------------

================================================================================
2020-11-14T14:26:30+00002 : upstream message of 252 bytes
--------------------------------------------------------------------------------
{
  "result" : [
    {
      "rows" : [
        {
          "inet_addr" : "192.168.1.1",
          "if_type" : "bridge",
          "if_name" : "lan",
          "hwaddr" : "58:ef:68:62:e7:f0"
        }
      ]
    }
  ],
  "id" : "5",
  "error" : null
}
--------------------------------------------------------------------------------

================================================================================
2020-11-14T14:26:30+00002 : downstream message of 255 bytes
--------------------------------------------------------------------------------
{
  "params" : [
    "Open_vSwitch",
    {
      "where" : [
        
      ],
      "table" : "Wifi_Radio_State",
      "op" : "select",
      "columns" : [
        "freq_band",
        "if_name"
      ]
    }
  ],
  "method" : "transact",
  "id" : "6"
}
--------------------------------------------------------------------------------

================================================================================
2020-11-14T14:26:30+00002 : upstream message of 340 bytes
--------------------------------------------------------------------------------
{
  "result" : [
    {
      "rows" : [
        {
          "if_name" : "radio0",
          "freq_band" : "5GU"
        },
        {
          "if_name" : "radio1",
          "freq_band" : "2.4G"
        },
        {
          "if_name" : "radio2",
          "freq_band" : "5GL"
        }
      ]
    }
  ],
  "id" : "6",
  "error" : null
}
--------------------------------------------------------------------------------

================================================================================
2020-11-14T14:26:32+00004 : downstream message of 831 bytes
--------------------------------------------------------------------------------
{
  "params" : [
    "Open_vSwitch",
    {
      "where" : [
        
      ],
      "table" : "AWLAN_Node",
      "row" : {
        "sku_number" : "tip.wlan_21P10C69717951",
        "mqtt_settings" : [
          "map",
          [
            [
              "qos",
              "0"
            ],
            [
              "port",
              "1883"
            ],
            [
              "compress",
              "zlib"
            ],
            [
              "topics",
              "/ap/Open_AP_21P10C69717951/opensync"
            ],
            [
              "broker",
              "opensync-mqtt-broker.wlan.local"
            ],
            [
              "remote_log",
              "1"
            ]
          ]
        ]
      },
      "op" : "update"
    }
  ],
  "method" : "transact",
  "id" : "7"
}
--------------------------------------------------------------------------------

================================================================================
2020-11-14T14:26:32+00004 : upstream message of 84 bytes
--------------------------------------------------------------------------------
{
  "result" : [
    {
      "count" : 1
    }
  ],
  "id" : "7",
  "error" : null
}
--------------------------------------------------------------------------------

================================================================================
2020-11-14T14:26:32+00004 : downstream message of 82 bytes
--------------------------------------------------------------------------------
{
  "params" : [
    "Open_vSwitch"
  ],
  "method" : "get_schema",
  "id" : "8"
}
--------------------------------------------------------------------------------

================================================================================
2020-11-14T14:26:32+00004 : downstream message of 187 bytes
--------------------------------------------------------------------------------
{
  "params" : [
    "Open_vSwitch",
    {
      "where" : [
        
      ],
      "table" : "Hotspot20_Config",
      "op" : "delete"
    }
  ],
  "method" : "transact",
  "id" : "9"
}
--------------------------------------------------------------------------------

================================================================================
2020-11-14T14:26:32+00004 : upstream message of 84 bytes
--------------------------------------------------------------------------------
{
  "result" : [
    {
      "count" : 0
    }
  ],
  "id" : "9",
  "error" : null
}
--------------------------------------------------------------------------------

================================================================================
2020-11-14T14:26:32+00004 : downstream message of 83 bytes
--------------------------------------------------------------------------------
{
  "params" : [
    "Open_vSwitch"
  ],
  "method" : "get_schema",
  "id" : "10"
}
--------------------------------------------------------------------------------

================================================================================
2020-11-14T14:26:33+00005 : downstream message of 195 bytes
--------------------------------------------------------------------------------
{
  "params" : [
    "Open_vSwitch",
    {
      "where" : [
        
      ],
      "table" : "Hotspot20_OSU_Providers",
      "op" : "delete"
    }
  ],
  "method" : "transact",
  "id" : "11"
}
--------------------------------------------------------------------------------

================================================================================
2020-11-14T14:26:33+00005 : upstream message of 85 bytes
--------------------------------------------------------------------------------
{
  "result" : [
    {
      "count" : 0
    }
  ],
  "id" : "11",
  "error" : null
}
--------------------------------------------------------------------------------

================================================================================
2020-11-14T14:26:33+00005 : downstream message of 83 bytes
--------------------------------------------------------------------------------
{
  "params" : [
    "Open_vSwitch"
  ],
  "method" : "get_schema",
  "id" : "12"
}
--------------------------------------------------------------------------------

================================================================================
2020-11-14T14:26:33+00005 : downstream message of 193 bytes
--------------------------------------------------------------------------------
{
  "params" : [
    "Open_vSwitch",
    {
      "where" : [
        
      ],
      "table" : "Hotspot20_Icon_Config",
      "op" : "delete"
    }
  ],
  "method" : "transact",
  "id" : "13"
}
--------------------------------------------------------------------------------

================================================================================
2020-11-14T14:26:33+00005 : upstream message of 85 bytes
--------------------------------------------------------------------------------
{
  "result" : [
    {
      "count" : 0
    }
  ],
  "id" : "13",
  "error" : null
}
--------------------------------------------------------------------------------

================================================================================
2020-11-14T14:26:33+00005 : downstream message of 189 bytes
--------------------------------------------------------------------------------
{
  "params" : [
    "Open_vSwitch",
    {
      "where" : [
        
      ],
      "table" : "Wifi_Stats_Config",
      "op" : "delete"
    }
  ],
  "method" : "transact",
  "id" : "14"
}
--------------------------------------------------------------------------------

================================================================================
2020-11-14T14:26:33+00005 : upstream message of 85 bytes
--------------------------------------------------------------------------------
{
  "result" : [
    {
      "count" : 0
    }
  ],
  "id" : "14",
  "error" : null
}
--------------------------------------------------------------------------------

================================================================================
2020-11-14T14:26:33+00005 : downstream message of 624 bytes
--------------------------------------------------------------------------------
{
  "params" : [
    "Open_vSwitch",
    {
      "where" : [
        
      ],
      "table" : "Wifi_VIF_Config",
      "op" : "select",
      "columns" : [
        "bridge",
        "ap_bridge",
        "_uuid",
        "btm",
        "enabled",
        "ft_psk",
        "ft_mobility_domain",
        "group_rekey",
        "if_name",
        "min_hw_mode",
        "mode",
        "rrm",
        "ssid",
        "ssid_broadcast",
        "uapsd_enable",
        "vif_radio_idx",
        "security",
        "vlan_id",
        "mac_list",
        "mac_list_type"
      ]
    }
  ],
  "method" : "transact",
  "id" : "15"
}
--------------------------------------------------------------------------------

================================================================================
2020-11-14T14:26:33+00005 : downstream message of 476 bytes
--------------------------------------------------------------------------------
{
  "params" : [
    "Open_vSwitch",
    {
      "where" : [
        
      ],
      "table" : "Wifi_Radio_Config",
      "op" : "select",
      "columns" : [
        "_uuid",
        "if_name",
        "bcn_int",
        "channel",
        "channel_mode",
        "country",
        "enabled",
        "ht_mode",
        "tx_power",
        "vif_configs",
        "freq_band",
        "hw_config",
        "hw_type"
      ]
    }
  ],
  "method" : "transact",
  "id" : "16"
}
--------------------------------------------------------------------------------

================================================================================
2020-11-14T14:26:34+00006 : downstream message of 825 bytes
--------------------------------------------------------------------------------
{
  "params" : [
    "Open_vSwitch",
    {
      "where" : [
        [
          "ssid",
          "==",
          "Maverick"
        ],
        [
          "if_name",
          "==",
          "wlan0"
        ]
      ],
      "table" : "Wifi_VIF_Config",
      "op" : "delete"
    },
    {
      "where" : [
        [
          "ssid",
          "==",
          "Maverick"
        ],
        [
          "if_name",
          "==",
          "wlan2"
        ]
      ],
      "table" : "Wifi_VIF_Config",
      "op" : "delete"
    },
    {
      "where" : [
        [
          "ssid",
          "==",
          "Maverick"
        ],
        [
          "if_name",
          "==",
          "wlan1"
        ]
      ],
      "table" : "Wifi_VIF_Config",
      "op" : "delete"
    }
  ],
  "method" : "transact",
  "id" : "17"
}
--------------------------------------------------------------------------------

================================================================================
2020-11-14T14:26:34+00006 : upstream message of 147 bytes
--------------------------------------------------------------------------------
{
  "result" : [
    {
      "count" : 1
    },
    {
      "count" : 1
    },
    {
      "count" : 1
    }
  ],
  "id" : "17",
  "error" : null
}
--------------------------------------------------------------------------------

================================================================================
2020-11-14T14:26:34+00006 : downstream message of 624 bytes
--------------------------------------------------------------------------------
{
  "params" : [
    "Open_vSwitch",
    {
      "where" : [
        
      ],
      "table" : "Wifi_VIF_Config",
      "op" : "select",
      "columns" : [
        "bridge",
        "ap_bridge",
        "_uuid",
        "btm",
        "enabled",
        "ft_psk",
        "ft_mobility_domain",
        "group_rekey",
        "if_name",
        "min_hw_mode",
        "mode",
        "rrm",
        "ssid",
        "ssid_broadcast",
        "uapsd_enable",
        "vif_radio_idx",
        "security",
        "vlan_id",
        "mac_list",
        "mac_list_type"
      ]
    }
  ],
  "method" : "transact",
  "id" : "18"
}
--------------------------------------------------------------------------------

================================================================================
2020-11-14T14:26:34+00006 : upstream message of 101 bytes
--------------------------------------------------------------------------------
{
  "result" : [
    {
      "rows" : [
        
      ]
    }
  ],
  "id" : "18",
  "error" : null
}
--------------------------------------------------------------------------------

================================================================================
2020-11-14T14:26:34+00006 : downstream message of 600 bytes
--------------------------------------------------------------------------------
{
  "params" : [
    "Open_vSwitch",
    {
      "where" : [
        [
          "if_name",
          "==",
          "wlan0"
        ]
      ],
      "table" : "Wifi_Inet_Config",
      "op" : "delete"
    },
    {
      "where" : [
        [
          "if_name",
          "==",
          "wlan2"
        ]
      ],
      "table" : "Wifi_Inet_Config",
      "op" : "delete"
    },
    {
      "where" : [
        [
          "if_name",
          "==",
          "wlan1"
        ]
      ],
      "table" : "Wifi_Inet_Config",
      "op" : "delete"
    }
  ],
  "method" : "transact",
  "id" : "19"
}
--------------------------------------------------------------------------------

================================================================================
2020-11-14T14:26:34+00006 : upstream message of 147 bytes
--------------------------------------------------------------------------------
{
  "result" : [
    {
      "count" : 0
    },
    {
      "count" : 0
    },
    {
      "count" : 0
    }
  ],
  "id" : "19",
  "error" : null
}
--------------------------------------------------------------------------------

================================================================================
2020-11-14T14:26:34+00006 : downstream message of 187 bytes
--------------------------------------------------------------------------------
{
  "params" : [
    "Open_vSwitch",
    {
      "where" : [
        
      ],
      "table" : "Wifi_RRM_Config",
      "op" : "delete"
    }
  ],
  "method" : "transact",
  "id" : "20"
}
--------------------------------------------------------------------------------

================================================================================
2020-11-14T14:26:34+00006 : upstream message of 85 bytes
--------------------------------------------------------------------------------
{
  "result" : [
    {
      "count" : 0
    }
  ],
  "id" : "20",
  "error" : null
}
--------------------------------------------------------------------------------

================================================================================
2020-11-14T14:26:34+00006 : downstream message of 252 bytes
--------------------------------------------------------------------------------
{
  "params" : [
    "Open_vSwitch",
    {
      "where" : [
        [
          "if_type",
          "==",
          "gre"
        ]
      ],
      "table" : "Wifi_Inet_Config",
      "op" : "select"
    }
  ],
  "method" : "transact",
  "id" : "21"
}
--------------------------------------------------------------------------------

================================================================================
2020-11-14T14:26:34+00006 : upstream message of 101 bytes
--------------------------------------------------------------------------------
{
  "result" : [
    {
      "rows" : [
        
      ]
    }
  ],
  "id" : "21",
  "error" : null
}
--------------------------------------------------------------------------------

================================================================================
2020-11-14T14:26:34+00006 : downstream message of 765 bytes
--------------------------------------------------------------------------------
{
  "params" : [
    "Open_vSwitch",
    {
      "where" : [
        [
          "freq_band",
          "==",
          "5GL"
        ]
      ],
      "table" : "Wifi_Radio_Config",
      "row" : {
        "tx_power" : 18,
        "hw_mode" : "11ac",
        "hw_config" : [
          "map",
          [
            [
              "dfs_enable",
              "1"
            ],
            [
              "dfs_usenol",
              "1"
            ],
            [
              "dfs_ignorecac",
              "0"
            ]
          ]
        ],
        "ht_mode" : "HT80",
        "enabled" : true,
        "country" : "USA",
        "channel" : 36,
        "bcn_int" : 100
      },
      "op" : "update"
    }
  ],
  "method" : "transact",
  "id" : "22"
}
--------------------------------------------------------------------------------

================================================================================
2020-11-14T14:26:34+00006 : upstream message of 85 bytes
--------------------------------------------------------------------------------
{
  "result" : [
    {
      "count" : 1
    }
  ],
  "id" : "22",
  "error" : null
}
--------------------------------------------------------------------------------

================================================================================
2020-11-14T14:26:34+00006 : downstream message of 766 bytes
--------------------------------------------------------------------------------
{
  "params" : [
    "Open_vSwitch",
    {
      "where" : [
        [
          "freq_band",
          "==",
          "5GU"
        ]
      ],
      "table" : "Wifi_Radio_Config",
      "row" : {
        "tx_power" : 18,
        "hw_mode" : "11ac",
        "hw_config" : [
          "map",
          [
            [
              "dfs_enable",
              "1"
            ],
            [
              "dfs_usenol",
              "1"
            ],
            [
              "dfs_ignorecac",
              "0"
            ]
          ]
        ],
        "ht_mode" : "HT80",
        "enabled" : true,
        "country" : "USA",
        "channel" : 149,
        "bcn_int" : 100
      },
      "op" : "update"
    }
  ],
  "method" : "transact",
  "id" : "23"
}
--------------------------------------------------------------------------------

================================================================================
2020-11-14T14:26:34+00006 : upstream message of 85 bytes
--------------------------------------------------------------------------------
{
  "result" : [
    {
      "count" : 1
    }
  ],
  "id" : "23",
  "error" : null
}
--------------------------------------------------------------------------------

================================================================================
2020-11-14T14:26:34+00006 : downstream message of 550 bytes
--------------------------------------------------------------------------------
{
  "params" : [
    "Open_vSwitch",
    {
      "where" : [
        [
          "freq_band",
          "==",
          "2.4G"
        ]
      ],
      "table" : "Wifi_Radio_Config",
      "row" : {
        "tx_power" : 18,
        "hw_mode" : "11n",
        "hw_config" : [
          "map",
          [
            
          ]
        ],
        "ht_mode" : "HT20",
        "enabled" : true,
        "country" : "USA",
        "channel" : 6,
        "bcn_int" : 100
      },
      "op" : "update"
    }
  ],
  "method" : "transact",
  "id" : "24"
}
--------------------------------------------------------------------------------

================================================================================
2020-11-14T14:26:34+00006 : upstream message of 85 bytes
--------------------------------------------------------------------------------
{
  "result" : [
    {
      "count" : 1
    }
  ],
  "id" : "24",
  "error" : null
}
--------------------------------------------------------------------------------

================================================================================
2020-11-14T14:26:34+00006 : downstream message of 385 bytes
--------------------------------------------------------------------------------
{
  "params" : [
    "Open_vSwitch",
    {
      "where" : [
        [
          "if_name",
          "!=",
          "lan"
        ],
        [
          "parent_ifname",
          "!=",
          "lan"
        ]
      ],
      "table" : "Wifi_Inet_Config",
      "row" : {
        "dhcp_sniff" : true
      },
      "op" : "update"
    }
  ],
  "method" : "transact",
  "id" : "25"
}
--------------------------------------------------------------------------------

================================================================================
2020-11-14T14:26:35+00007 : upstream message of 85 bytes
--------------------------------------------------------------------------------
{
  "result" : [
    {
      "count" : 2
    }
  ],
  "id" : "25",
  "error" : null
}
--------------------------------------------------------------------------------

================================================================================
2020-11-14T14:26:35+00007 : downstream message of 385 bytes
--------------------------------------------------------------------------------
{
  "params" : [
    "Open_vSwitch",
    {
      "where" : [
        [
          "if_name",
          "!=",
          "wan"
        ],
        [
          "parent_ifname",
          "!=",
          "wan"
        ]
      ],
      "table" : "Wifi_Inet_Config",
      "row" : {
        "dhcp_sniff" : true
      },
      "op" : "update"
    }
  ],
  "method" : "transact",
  "id" : "26"
}
--------------------------------------------------------------------------------

================================================================================
2020-11-14T14:26:35+00007 : upstream message of 85 bytes
--------------------------------------------------------------------------------
{
  "result" : [
    {
      "count" : 1
    }
  ],
  "id" : "26",
  "error" : null
}
--------------------------------------------------------------------------------

================================================================================
2020-11-14T14:26:35+00007 : downstream message of 300 bytes
--------------------------------------------------------------------------------
{
  "params" : [
    "Open_vSwitch",
    {
      "where" : [
        [
          "enabled",
          "==",
          true
        ]
      ],
      "table" : "Wifi_Radio_State",
      "op" : "select",
      "columns" : [
        "freq_band"
      ]
    }
  ],
  "method" : "transact",
  "id" : "27"
}
--------------------------------------------------------------------------------

================================================================================
2020-11-14T14:26:35+00007 : upstream message of 245 bytes
--------------------------------------------------------------------------------
{
  "result" : [
    {
      "rows" : [
        {
          "freq_band" : "5GU"
        },
        {
          "freq_band" : "2.4G"
        },
        {
          "freq_band" : "5GL"
        }
      ]
    }
  ],
  "id" : "27",
  "error" : null
}
--------------------------------------------------------------------------------

================================================================================
2020-11-14T14:26:35+00007 : downstream message of 476 bytes
--------------------------------------------------------------------------------
{
  "params" : [
    "Open_vSwitch",
    {
      "where" : [
        
      ],
      "table" : "Wifi_Radio_Config",
      "op" : "select",
      "columns" : [
        "_uuid",
        "if_name",
        "bcn_int",
        "channel",
        "channel_mode",
        "country",
        "enabled",
        "ht_mode",
        "tx_power",
        "vif_configs",
        "freq_band",
        "hw_config",
        "hw_type"
      ]
    }
  ],
  "method" : "transact",
  "id" : "28"
}
--------------------------------------------------------------------------------

================================================================================
2020-11-14T14:26:35+00007 : downstream message of 624 bytes
--------------------------------------------------------------------------------
{
  "params" : [
    "Open_vSwitch",
    {
      "where" : [
        
      ],
      "table" : "Wifi_VIF_Config",
      "op" : "select",
      "columns" : [
        "bridge",
        "ap_bridge",
        "_uuid",
        "btm",
        "enabled",
        "ft_psk",
        "ft_mobility_domain",
        "group_rekey",
        "if_name",
        "min_hw_mode",
        "mode",
        "rrm",
        "ssid",
        "ssid_broadcast",
        "uapsd_enable",
        "vif_radio_idx",
        "security",
        "vlan_id",
        "mac_list",
        "mac_list_type"
      ]
    }
  ],
  "method" : "transact",
  "id" : "29"
}
--------------------------------------------------------------------------------

================================================================================
2020-11-14T14:26:35+00007 : upstream message of 101 bytes
--------------------------------------------------------------------------------
{
  "result" : [
    {
      "rows" : [
        
      ]
    }
  ],
  "id" : "29",
  "error" : null
}
--------------------------------------------------------------------------------

================================================================================
2020-11-14T14:26:35+00007 : downstream message of 83 bytes
--------------------------------------------------------------------------------
{
  "params" : [
    "Open_vSwitch"
  ],
  "method" : "get_schema",
  "id" : "30"
}
--------------------------------------------------------------------------------

================================================================================
2020-11-14T14:26:35+00007 : downstream message of 1981 bytes
--------------------------------------------------------------------------------
{
  "params" : [
    "Open_vSwitch",
    {
      "table" : "Wifi_VIF_Config",
      "row" : {
        "vlan_id" : 1,
        "uapsd_enable" : true,
        "ssid_broadcast" : "enabled",
        "ssid" : "TipWlan-cloud-wifi",
        "security" : [
          "map",
          [
            [
              "mode",
              "2"
            ],
            [
              "encryption",
              "WPA-PSK"
            ],
            [
              "key",
              "w1r3l3ss-fr33d0m"
            ]
          ]
        ],
        "rrm" : 1,
        "mode" : "ap",
        "min_hw_mode" : "11n",
        "mac_list_type" : "none",
        "mac_list" : [
          "set",
          [
            
          ]
        ],
        "if_name" : "wlan1",
        "group_rekey" : 0,
        "ft_psk" : 0,
        "ft_mobility_domain" : [
          "set",
          [
            
          ]
        ],
        "enabled" : true,
        "custom_options" : [
          "map",
          [
            [
              "ssid_ul_limit",
              "0"
            ],
            [
              "ssid_dl_limit",
              "0"
            ],
            [
              "rts_threshold",
              "65535"
            ],
            [
              "ieee80211k",
              "1"
            ],
            [
              "client_ul_limit",
              "0"
            ],
            [
              "client_dl_limit",
              "0"
            ],
            [
              "dtim_period",
              "2"
            ],
            [
              "rate_limit_en",
              "0"
            ]
          ]
        ],
        "captive_portal" : [
          "map",
          [
            
          ]
        ],
        "captive_allowlist" : [
          "set",
          [
            
          ]
        ],
        "btm" : 1,
        "bridge" : "lan",
        "ap_bridge" : true
      },
      "op" : "insert"
    }
  ],
  "method" : "transact",
  "id" : "31"
}
--------------------------------------------------------------------------------

================================================================================
2020-11-14T14:26:35+00007 : upstream message of 155 bytes
--------------------------------------------------------------------------------
{
  "result" : [
    {
      "uuid" : [
        "uuid",
        "6fc80a58-3a49-48e1-b556-3ac64f722ef0"
      ]
    }
  ],
  "id" : "31",
  "error" : null
}
--------------------------------------------------------------------------------

================================================================================
2020-11-14T14:26:35+00007 : downstream message of 447 bytes
--------------------------------------------------------------------------------
{
  "params" : [
    "Open_vSwitch",
    {
      "where" : [
        [
          "freq_band",
          "==",
          "2.4G"
        ]
      ],
      "table" : "Wifi_Radio_Config",
      "op" : "mutate",
      "mutations" : [
        [
          "vif_configs",
          "insert",
          [
            "uuid",
            "6fc80a58-3a49-48e1-b556-3ac64f722ef0"
          ]
        ]
      ]
    }
  ],
  "method" : "transact",
  "id" : "32"
}
--------------------------------------------------------------------------------

================================================================================
2020-11-14T14:26:35+00007 : upstream message of 85 bytes
--------------------------------------------------------------------------------
{
  "result" : [
    {
      "count" : 1
    }
  ],
  "id" : "32",
  "error" : null
}
--------------------------------------------------------------------------------

================================================================================
2020-11-14T14:26:35+00007 : downstream message of 498 bytes
--------------------------------------------------------------------------------
{
  "params" : [
    "Open_vSwitch",
    {
      "where" : [
        
      ],
      "table" : "Wifi_Inet_Config",
      "op" : "select",
      "columns" : [
        "NAT",
        "_uuid",
        "broadcast",
        "enabled",
        "if_name",
        "if_type",
        "ip_assign_scheme",
        "network",
        "inet_addr",
        "mtu",
        "netmask",
        "vlan_id",
        "gateway",
        "dns",
        "dhcpd"
      ]
    }
  ],
  "method" : "transact",
  "id" : "33"
}
--------------------------------------------------------------------------------

================================================================================
2020-11-14T14:26:36+00008 : downstream message of 335 bytes
--------------------------------------------------------------------------------
{
  "params" : [
    "Open_vSwitch",
    {
      "table" : "Wifi_Inet_Config",
      "row" : {
        "network" : true,
        "if_type" : "vif",
        "if_name" : "wlan1",
        "enabled" : true,
        "dhcp_sniff" : true,
        "NAT" : true
      },
      "op" : "insert"
    }
  ],
  "method" : "transact",
  "id" : "34"
}
--------------------------------------------------------------------------------

================================================================================
2020-11-14T14:26:36+00008 : upstream message of 155 bytes
--------------------------------------------------------------------------------
{
  "result" : [
    {
      "uuid" : [
        "uuid",
        "f78fc81d-b63f-47b0-80ef-3dcb3bee25fc"
      ]
    }
  ],
  "id" : "34",
  "error" : null
}
--------------------------------------------------------------------------------

================================================================================
2020-11-14T14:26:36+00008 : downstream message of 476 bytes
--------------------------------------------------------------------------------
{
  "params" : [
    "Open_vSwitch",
    {
      "where" : [
        
      ],
      "table" : "Wifi_Radio_Config",
      "op" : "select",
      "columns" : [
        "_uuid",
        "if_name",
        "bcn_int",
        "channel",
        "channel_mode",
        "country",
        "enabled",
        "ht_mode",
        "tx_power",
        "vif_configs",
        "freq_band",
        "hw_config",
        "hw_type"
      ]
    }
  ],
  "method" : "transact",
  "id" : "35"
}
--------------------------------------------------------------------------------

================================================================================
2020-11-14T14:26:36+00008 : downstream message of 476 bytes
--------------------------------------------------------------------------------
{
  "params" : [
    "Open_vSwitch",
    {
      "where" : [
        
      ],
      "table" : "Wifi_Radio_Config",
      "op" : "select",
      "columns" : [
        "_uuid",
        "if_name",
        "bcn_int",
        "channel",
        "channel_mode",
        "country",
        "enabled",
        "ht_mode",
        "tx_power",
        "vif_configs",
        "freq_band",
        "hw_config",
        "hw_type"
      ]
    }
  ],
  "method" : "transact",
  "id" : "36"
}
--------------------------------------------------------------------------------

================================================================================
2020-11-14T14:26:36+00008 : downstream message of 624 bytes
--------------------------------------------------------------------------------
{
  "params" : [
    "Open_vSwitch",
    {
      "where" : [
        
      ],
      "table" : "Wifi_VIF_Config",
      "op" : "select",
      "columns" : [
        "bridge",
        "ap_bridge",
        "_uuid",
        "btm",
        "enabled",
        "ft_psk",
        "ft_mobility_domain",
        "group_rekey",
        "if_name",
        "min_hw_mode",
        "mode",
        "rrm",
        "ssid",
        "ssid_broadcast",
        "uapsd_enable",
        "vif_radio_idx",
        "security",
        "vlan_id",
        "mac_list",
        "mac_list_type"
      ]
    }
  ],
  "method" : "transact",
  "id" : "37"
}
--------------------------------------------------------------------------------

================================================================================
2020-11-14T14:26:36+00008 : upstream message of 1318 bytes
--------------------------------------------------------------------------------
{
  "result" : [
    {
      "rows" : [
        {
          "vlan_id" : 1,
          "vif_radio_idx" : [
            "set",
            [
              
            ]
          ],
          "uapsd_enable" : true,
          "ssid_broadcast" : "enabled",
          "ssid" : "TipWlan-cloud-wifi",
          "security" : [
            "map",
            [
              [
                "encryption",
                "WPA-PSK"
              ],
              [
                "key",
                "w1r3l3ss-fr33d0m"
              ],
              [
                "mode",
                "2"
              ]
            ]
          ],
          "rrm" : 1,
          "mode" : "ap",
          "min_hw_mode" : "11n",
          "mac_list_type" : "none",
          "mac_list" : [
            "set",
            [
              
            ]
          ],
          "if_name" : "wlan1",
          "group_rekey" : 0,
          "ft_psk" : 0,
          "ft_mobility_domain" : [
            "set",
            [
              
            ]
          ],
          "enabled" : true,
          "btm" : 1,
          "bridge" : "lan",
          "ap_bridge" : true,
          "_uuid" : [
            "uuid",
            "6fc80a58-3a49-48e1-b556-3ac64f722ef0"
          ]
        }
      ]
    }
  ],
  "id" : "37",
  "error" : null
}
--------------------------------------------------------------------------------

================================================================================
2020-11-14T14:26:36+00008 : downstream message of 83 bytes
--------------------------------------------------------------------------------
{
  "params" : [
    "Open_vSwitch"
  ],
  "method" : "get_schema",
  "id" : "38"
}
--------------------------------------------------------------------------------

================================================================================
2020-11-14T14:26:36+00008 : downstream message of 1982 bytes
--------------------------------------------------------------------------------
{
  "params" : [
    "Open_vSwitch",
    {
      "table" : "Wifi_VIF_Config",
      "row" : {
        "vlan_id" : 1,
        "uapsd_enable" : true,
        "ssid_broadcast" : "enabled",
        "ssid" : "TipWlan-cloud-wifi",
        "security" : [
          "map",
          [
            [
              "mode",
              "2"
            ],
            [
              "encryption",
              "WPA-PSK"
            ],
            [
              "key",
              "w1r3l3ss-fr33d0m"
            ]
          ]
        ],
        "rrm" : 1,
        "mode" : "ap",
        "min_hw_mode" : "11ac",
        "mac_list_type" : "none",
        "mac_list" : [
          "set",
          [
            
          ]
        ],
        "if_name" : "wlan0",
        "group_rekey" : 0,
        "ft_psk" : 0,
        "ft_mobility_domain" : [
          "set",
          [
            
          ]
        ],
        "enabled" : true,
        "custom_options" : [
          "map",
          [
            [
              "ssid_ul_limit",
              "0"
            ],
            [
              "ssid_dl_limit",
              "0"
            ],
            [
              "rts_threshold",
              "65535"
            ],
            [
              "ieee80211k",
              "1"
            ],
            [
              "client_ul_limit",
              "0"
            ],
            [
              "client_dl_limit",
              "0"
            ],
            [
              "dtim_period",
              "2"
            ],
            [
              "rate_limit_en",
              "0"
            ]
          ]
        ],
        "captive_portal" : [
          "map",
          [
            
          ]
        ],
        "captive_allowlist" : [
          "set",
          [
            
          ]
        ],
        "btm" : 1,
        "bridge" : "lan",
        "ap_bridge" : true
      },
      "op" : "insert"
    }
  ],
  "method" : "transact",
  "id" : "39"
}
--------------------------------------------------------------------------------

================================================================================
2020-11-14T14:26:36+00008 : upstream message of 155 bytes
--------------------------------------------------------------------------------
{
  "result" : [
    {
      "uuid" : [
        "uuid",
        "cf59de91-8469-4133-9469-06b28363eb80"
      ]
    }
  ],
  "id" : "39",
  "error" : null
}
--------------------------------------------------------------------------------

================================================================================
2020-11-14T14:26:36+00008 : downstream message of 446 bytes
--------------------------------------------------------------------------------
{
  "params" : [
    "Open_vSwitch",
    {
      "where" : [
        [
          "freq_band",
          "==",
          "5GU"
        ]
      ],
      "table" : "Wifi_Radio_Config",
      "op" : "mutate",
      "mutations" : [
        [
          "vif_configs",
          "insert",
          [
            "uuid",
            "cf59de91-8469-4133-9469-06b28363eb80"
          ]
        ]
      ]
    }
  ],
  "method" : "transact",
  "id" : "40"
}
--------------------------------------------------------------------------------

================================================================================
2020-11-14T14:26:36+00008 : upstream message of 85 bytes
--------------------------------------------------------------------------------
{
  "result" : [
    {
      "count" : 1
    }
  ],
  "id" : "40",
  "error" : null
}
--------------------------------------------------------------------------------

================================================================================
2020-11-14T14:26:36+00008 : downstream message of 498 bytes
--------------------------------------------------------------------------------
{
  "params" : [
    "Open_vSwitch",
    {
      "where" : [
        
      ],
      "table" : "Wifi_Inet_Config",
      "op" : "select",
      "columns" : [
        "NAT",
        "_uuid",
        "broadcast",
        "enabled",
        "if_name",
        "if_type",
        "ip_assign_scheme",
        "network",
        "inet_addr",
        "mtu",
        "netmask",
        "vlan_id",
        "gateway",
        "dns",
        "dhcpd"
      ]
    }
  ],
  "method" : "transact",
  "id" : "41"
}
--------------------------------------------------------------------------------

================================================================================
2020-11-14T14:26:36+00008 : downstream message of 335 bytes
--------------------------------------------------------------------------------
{
  "params" : [
    "Open_vSwitch",
    {
      "table" : "Wifi_Inet_Config",
      "row" : {
        "network" : true,
        "if_type" : "vif",
        "if_name" : "wlan0",
        "enabled" : true,
        "dhcp_sniff" : true,
        "NAT" : true
      },
      "op" : "insert"
    }
  ],
  "method" : "transact",
  "id" : "42"
}
--------------------------------------------------------------------------------

================================================================================
2020-11-14T14:26:36+00008 : upstream message of 155 bytes
--------------------------------------------------------------------------------
{
  "result" : [
    {
      "uuid" : [
        "uuid",
        "a5df1e76-8180-4621-bac0-245a5e9b66bc"
      ]
    }
  ],
  "id" : "42",
  "error" : null
}
--------------------------------------------------------------------------------

================================================================================
2020-11-14T14:26:36+00008 : downstream message of 476 bytes
--------------------------------------------------------------------------------
{
  "params" : [
    "Open_vSwitch",
    {
      "where" : [
        
      ],
      "table" : "Wifi_Radio_Config",
      "op" : "select",
      "columns" : [
        "_uuid",
        "if_name",
        "bcn_int",
        "channel",
        "channel_mode",
        "country",
        "enabled",
        "ht_mode",
        "tx_power",
        "vif_configs",
        "freq_band",
        "hw_config",
        "hw_type"
      ]
    }
  ],
  "method" : "transact",
  "id" : "43"
}
--------------------------------------------------------------------------------

================================================================================
2020-11-14T14:26:37+00009 : downstream message of 624 bytes
--------------------------------------------------------------------------------
{
  "params" : [
    "Open_vSwitch",
    {
      "where" : [
        
      ],
      "table" : "Wifi_VIF_Config",
      "op" : "select",
      "columns" : [
        "bridge",
        "ap_bridge",
        "_uuid",
        "btm",
        "enabled",
        "ft_psk",
        "ft_mobility_domain",
        "group_rekey",
        "if_name",
        "min_hw_mode",
        "mode",
        "rrm",
        "ssid",
        "ssid_broadcast",
        "uapsd_enable",
        "vif_radio_idx",
        "security",
        "vlan_id",
        "mac_list",
        "mac_list_type"
      ]
    }
  ],
  "method" : "transact",
  "id" : "44"
}
--------------------------------------------------------------------------------

================================================================================
2020-11-14T14:26:37+00009 : downstream message of 83 bytes
--------------------------------------------------------------------------------
{
  "params" : [
    "Open_vSwitch"
  ],
  "method" : "get_schema",
  "id" : "45"
}
--------------------------------------------------------------------------------

================================================================================
2020-11-14T14:26:37+00009 : downstream message of 1982 bytes
--------------------------------------------------------------------------------
{
  "params" : [
    "Open_vSwitch",
    {
      "table" : "Wifi_VIF_Config",
      "row" : {
        "vlan_id" : 1,
        "uapsd_enable" : true,
        "ssid_broadcast" : "enabled",
        "ssid" : "TipWlan-cloud-wifi",
        "security" : [
          "map",
          [
            [
              "mode",
              "2"
            ],
            [
              "encryption",
              "WPA-PSK"
            ],
            [
              "key",
              "w1r3l3ss-fr33d0m"
            ]
          ]
        ],
        "rrm" : 1,
        "mode" : "ap",
        "min_hw_mode" : "11ac",
        "mac_list_type" : "none",
        "mac_list" : [
          "set",
          [
            
          ]
        ],
        "if_name" : "wlan2",
        "group_rekey" : 0,
        "ft_psk" : 0,
        "ft_mobility_domain" : [
          "set",
          [
            
          ]
        ],
        "enabled" : true,
        "custom_options" : [
          "map",
          [
            [
              "ssid_ul_limit",
              "0"
            ],
            [
              "ssid_dl_limit",
              "0"
            ],
            [
              "rts_threshold",
              "65535"
            ],
            [
              "ieee80211k",
              "1"
            ],
            [
              "client_ul_limit",
              "0"
            ],
            [
              "client_dl_limit",
              "0"
            ],
            [
              "dtim_period",
              "2"
            ],
            [
              "rate_limit_en",
              "0"
            ]
          ]
        ],
        "captive_portal" : [
          "map",
          [
            
          ]
        ],
        "captive_allowlist" : [
          "set",
          [
            
          ]
        ],
        "btm" : 1,
        "bridge" : "lan",
        "ap_bridge" : true
      },
      "op" : "insert"
    }
  ],
  "method" : "transact",
  "id" : "46"
}
--------------------------------------------------------------------------------

================================================================================
2020-11-14T14:26:37+00009 : upstream message of 155 bytes
--------------------------------------------------------------------------------
{
  "result" : [
    {
      "uuid" : [
        "uuid",
        "17da0432-f303-42a8-9b5f-e72f003229d6"
      ]
    }
  ],
  "id" : "46",
  "error" : null
}
--------------------------------------------------------------------------------

================================================================================
2020-11-14T14:26:37+00009 : downstream message of 446 bytes
--------------------------------------------------------------------------------
{
  "params" : [
    "Open_vSwitch",
    {
      "where" : [
        [
          "freq_band",
          "==",
          "5GL"
        ]
      ],
      "table" : "Wifi_Radio_Config",
      "op" : "mutate",
      "mutations" : [
        [
          "vif_configs",
          "insert",
          [
            "uuid",
            "17da0432-f303-42a8-9b5f-e72f003229d6"
          ]
        ]
      ]
    }
  ],
  "method" : "transact",
  "id" : "47"
}
--------------------------------------------------------------------------------

================================================================================
2020-11-14T14:26:37+00009 : upstream message of 85 bytes
--------------------------------------------------------------------------------
{
  "result" : [
    {
      "count" : 1
    }
  ],
  "id" : "47",
  "error" : null
}
--------------------------------------------------------------------------------

================================================================================
2020-11-14T14:26:37+00009 : downstream message of 498 bytes
--------------------------------------------------------------------------------
{
  "params" : [
    "Open_vSwitch",
    {
      "where" : [
        
      ],
      "table" : "Wifi_Inet_Config",
      "op" : "select",
      "columns" : [
        "NAT",
        "_uuid",
        "broadcast",
        "enabled",
        "if_name",
        "if_type",
        "ip_assign_scheme",
        "network",
        "inet_addr",
        "mtu",
        "netmask",
        "vlan_id",
        "gateway",
        "dns",
        "dhcpd"
      ]
    }
  ],
  "method" : "transact",
  "id" : "48"
}
--------------------------------------------------------------------------------

================================================================================
2020-11-14T14:26:37+00009 : downstream message of 335 bytes
--------------------------------------------------------------------------------
{
  "params" : [
    "Open_vSwitch",
    {
      "table" : "Wifi_Inet_Config",
      "row" : {
        "network" : true,
        "if_type" : "vif",
        "if_name" : "wlan2",
        "enabled" : true,
        "dhcp_sniff" : true,
        "NAT" : true
      },
      "op" : "insert"
    }
  ],
  "method" : "transact",
  "id" : "49"
}
--------------------------------------------------------------------------------

================================================================================
2020-11-14T14:26:37+00009 : upstream message of 155 bytes
--------------------------------------------------------------------------------
{
  "result" : [
    {
      "uuid" : [
        "uuid",
        "f791b9ad-755f-414d-9dbf-05d9cfb6f0b1"
      ]
    }
  ],
  "id" : "49",
  "error" : null
}
--------------------------------------------------------------------------------

================================================================================
2020-11-14T14:26:37+00009 : downstream message of 496 bytes
--------------------------------------------------------------------------------
{
  "params" : [
    "Open_vSwitch",
    {
      "table" : "Wifi_RRM_Config",
      "row" : {
        "snr_percentage_drop" : 30,
        "probe_resp_threshold" : -90,
        "min_load" : 40,
        "freq_band" : "5GL",
        "client_disconnect_threshold" : -90,
        "cell_size" : -90,
        "basic_rate" : [
          "set",
          [
            
          ]
        ],
        "backup_channel" : 44
      },
      "op" : "insert"
    }
  ],
  "method" : "transact",
  "id" : "50"
}
--------------------------------------------------------------------------------

================================================================================
2020-11-14T14:26:37+00009 : upstream message of 155 bytes
--------------------------------------------------------------------------------
{
  "result" : [
    {
      "uuid" : [
        "uuid",
        "521b69a8-c6da-42d6-81ea-2cfeb8f532f6"
      ]
    }
  ],
  "id" : "50",
  "error" : null
}
--------------------------------------------------------------------------------

================================================================================
2020-11-14T14:26:37+00009 : downstream message of 497 bytes
--------------------------------------------------------------------------------
{
  "params" : [
    "Open_vSwitch",
    {
      "table" : "Wifi_RRM_Config",
      "row" : {
        "snr_percentage_drop" : 30,
        "probe_resp_threshold" : -90,
        "min_load" : 40,
        "freq_band" : "5GU",
        "client_disconnect_threshold" : -90,
        "cell_size" : -90,
        "basic_rate" : [
          "set",
          [
            
          ]
        ],
        "backup_channel" : 154
      },
      "op" : "insert"
    }
  ],
  "method" : "transact",
  "id" : "51"
}
--------------------------------------------------------------------------------

================================================================================
2020-11-14T14:26:37+00009 : upstream message of 155 bytes
--------------------------------------------------------------------------------
{
  "result" : [
    {
      "uuid" : [
        "uuid",
        "29167f35-6bbc-457f-b835-3108d1e23e4d"
      ]
    }
  ],
  "id" : "51",
  "error" : null
}
--------------------------------------------------------------------------------

================================================================================
2020-11-14T14:26:37+00009 : downstream message of 497 bytes
--------------------------------------------------------------------------------
{
  "params" : [
    "Open_vSwitch",
    {
      "table" : "Wifi_RRM_Config",
      "row" : {
        "snr_percentage_drop" : 20,
        "probe_resp_threshold" : -90,
        "min_load" : 50,
        "freq_band" : "2.4G",
        "client_disconnect_threshold" : -90,
        "cell_size" : -90,
        "basic_rate" : [
          "set",
          [
            
          ]
        ],
        "backup_channel" : 11
      },
      "op" : "insert"
    }
  ],
  "method" : "transact",
  "id" : "52"
}
--------------------------------------------------------------------------------

================================================================================
2020-11-14T14:26:38+00010 : upstream message of 155 bytes
--------------------------------------------------------------------------------
{
  "result" : [
    {
      "uuid" : [
        "uuid",
        "c5719e68-0d9c-4d8d-bc56-caff9a345f48"
      ]
    }
  ],
  "id" : "52",
  "error" : null
}
--------------------------------------------------------------------------------

================================================================================
2020-11-14T14:26:38+00010 : downstream message of 476 bytes
--------------------------------------------------------------------------------
{
  "params" : [
    "Open_vSwitch",
    {
      "where" : [
        
      ],
      "table" : "Wifi_Radio_Config",
      "op" : "select",
      "columns" : [
        "_uuid",
        "if_name",
        "bcn_int",
        "channel",
        "channel_mode",
        "country",
        "enabled",
        "ht_mode",
        "tx_power",
        "vif_configs",
        "freq_band",
        "hw_config",
        "hw_type"
      ]
    }
  ],
  "method" : "transact",
  "id" : "53"
}
--------------------------------------------------------------------------------

================================================================================
2020-11-14T14:26:38+00010 : downstream message of 265 bytes
--------------------------------------------------------------------------------
{
  "params" : [
    "Open_vSwitch",
    {
      "where" : [
        
      ],
      "table" : "Wifi_Radio_State",
      "op" : "select",
      "columns" : [
        "freq_band",
        "allowed_channels"
      ]
    }
  ],
  "method" : "transact",
  "id" : "54"
}
--------------------------------------------------------------------------------

================================================================================
2020-11-14T14:26:38+00010 : upstream message of 1177 bytes
--------------------------------------------------------------------------------
{
  "result" : [
    {
      "rows" : [
        {
          "freq_band" : "5GU",
          "allowed_channels" : [
            "set",
            [
              100,
              104,
              108,
              112,
              116,
              120,
              124,
              128,
              132,
              136,
              140,
              144,
              149,
              153,
              157,
              161,
              165
            ]
          ]
        },
        {
          "freq_band" : "2.4G",
          "allowed_channels" : [
            "set",
            [
              1,
              2,
              3,
              4,
              5,
              6,
              7,
              8,
              9,
              10,
              11
            ]
          ]
        },
        {
          "freq_band" : "5GL",
          "allowed_channels" : [
            "set",
            [
              36,
              40,
              44,
              48,
              52,
              56,
              60,
              64
            ]
          ]
        }
      ]
    }
  ],
  "id" : "54",
  "error" : null
}
--------------------------------------------------------------------------------

================================================================================
2020-11-14T14:26:38+00010 : downstream message of 435 bytes
--------------------------------------------------------------------------------
{
  "params" : [
    "Open_vSwitch",
    {
      "where" : [
        
      ],
      "table" : "Wifi_Stats_Config",
      "op" : "select",
      "columns" : [
        "channel_list",
        "radio_type",
        "reporting_interval",
        "sampling_interval",
        "stats_type",
        "survey_interval_ms",
        "survey_type",
        "threshold",
        "_uuid"
      ]
    }
  ],
  "method" : "transact",
  "id" : "55"
}
--------------------------------------------------------------------------------

================================================================================
2020-11-14T14:26:38+00010 : upstream message of 101 bytes
--------------------------------------------------------------------------------
{
  "result" : [
    {
      "rows" : [
        
      ]
    }
  ],
  "id" : "55",
  "error" : null
}
--------------------------------------------------------------------------------

================================================================================
2020-11-14T14:26:38+00010 : downstream message of 265 bytes
--------------------------------------------------------------------------------
{
  "params" : [
    "Open_vSwitch",
    {
      "where" : [
        
      ],
      "table" : "Wifi_Radio_State",
      "op" : "select",
      "columns" : [
        "freq_band",
        "allowed_channels"
      ]
    }
  ],
  "method" : "transact",
  "id" : "56"
}
--------------------------------------------------------------------------------

================================================================================
2020-11-14T14:26:38+00010 : upstream message of 1177 bytes
--------------------------------------------------------------------------------
{
  "result" : [
    {
      "rows" : [
        {
          "freq_band" : "5GU",
          "allowed_channels" : [
            "set",
            [
              100,
              104,
              108,
              112,
              116,
              120,
              124,
              128,
              132,
              136,
              140,
              144,
              149,
              153,
              157,
              161,
              165
            ]
          ]
        },
        {
          "freq_band" : "2.4G",
          "allowed_channels" : [
            "set",
            [
              1,
              2,
              3,
              4,
              5,
              6,
              7,
              8,
              9,
              10,
              11
            ]
          ]
        },
        {
          "freq_band" : "5GL",
          "allowed_channels" : [
            "set",
            [
              36,
              40,
              44,
              48,
              52,
              56,
              60,
              64
            ]
          ]
        }
      ]
    }
  ],
  "id" : "56",
  "error" : null
}
--------------------------------------------------------------------------------

================================================================================
2020-11-14T14:26:38+00010 : downstream message of 435 bytes
--------------------------------------------------------------------------------
{
  "params" : [
    "Open_vSwitch",
    {
      "where" : [
        
      ],
      "table" : "Wifi_Stats_Config",
      "op" : "select",
      "columns" : [
        "channel_list",
        "radio_type",
        "reporting_interval",
        "sampling_interval",
        "stats_type",
        "survey_interval_ms",
        "survey_type",
        "threshold",
        "_uuid"
      ]
    }
  ],
  "method" : "transact",
  "id" : "57"
}
--------------------------------------------------------------------------------

================================================================================
2020-11-14T14:26:38+00010 : upstream message of 101 bytes
--------------------------------------------------------------------------------
{
  "result" : [
    {
      "rows" : [
        
      ]
    }
  ],
  "id" : "57",
  "error" : null
}
--------------------------------------------------------------------------------

================================================================================
2020-11-14T14:26:38+00010 : downstream message of 435 bytes
--------------------------------------------------------------------------------
{
  "params" : [
    "Open_vSwitch",
    {
      "where" : [
        
      ],
      "table" : "Wifi_Stats_Config",
      "op" : "select",
      "columns" : [
        "channel_list",
        "radio_type",
        "reporting_interval",
        "sampling_interval",
        "stats_type",
        "survey_interval_ms",
        "survey_type",
        "threshold",
        "_uuid"
      ]
    }
  ],
  "method" : "transact",
  "id" : "58"
}
--------------------------------------------------------------------------------

================================================================================
2020-11-14T14:26:38+00010 : upstream message of 101 bytes
--------------------------------------------------------------------------------
{
  "result" : [
    {
      "rows" : [
        
      ]
    }
  ],
  "id" : "58",
  "error" : null
}
--------------------------------------------------------------------------------

================================================================================
2020-11-14T14:26:38+00010 : upstream message of 1569 bytes
--------------------------------------------------------------------------------
{
  "result" : [
    {
      "uuid" : [
        "uuid",
        "2b7d8d20-5bec-4ccc-94c7-fa67b086e877"
      ]
    },
    {
      "uuid" : [
        "uuid",
        "fd16c5a8-7465-4182-aeb5-9a406e3b665f"
      ]
    },
    {
      "uuid" : [
        "uuid",
        "22604888-d4ca-45d1-8438-1772037c271b"
      ]
    },
    {
      "uuid" : [
        "uuid",
        "f2b690a7-7059-4459-965c-9555e5d1414a"
      ]
    },
    {
      "uuid" : [
        "uuid",
        "1b4deea1-3779-4580-a45e-29ec4a541db2"
      ]
    },
    {
      "uuid" : [
        "uuid",
        "6b25302f-94cb-448a-9269-a25c175a8c29"
      ]
    },
    {
      "uuid" : [
        "uuid",
        "904e6621-7548-41a9-b070-e80343262be0"
      ]
    },
    {
      "uuid" : [
        "uuid",
        "be4b1212-8e12-423a-8cdf-255ac1fec58a"
      ]
    },
    {
      "uuid" : [
        "uuid",
        "50e82031-01fd-45a5-8d07-f8965bfa14a0"
      ]
    },
    {
      "uuid" : [
        "uuid",
        "da6c1eec-4173-4751-97a9-e946170862ad"
      ]
    },
    {
      "uuid" : [
        "uuid",
        "5f971c6a-4ce4-443c-83c5-13ad9591cbbf"
      ]
    },
    {
      "uuid" : [
        "uuid",
        "eb199161-5867-4988-ba0f-40a7d7c8219e"
      ]
    },
    {
      "uuid" : [
        "uuid",
        "5dfbd718-bfa2-4e10-aa76-321e0b119fc0"
      ]
    },
    {
      "uuid" : [
        "uuid",
        "e868d529-af07-4dd2-aa8e-e7c4e9b5e9b6"
      ]
    },
    {
      "uuid" : [
        "uuid",
        "b73fbc33-fd2d-44fa-902a-a733b71c6ebf"
      ]
    }
  ],
  "id" : "59",
  "error" : null
}
--------------------------------------------------------------------------------

================================================================================
2020-11-14T14:26:38+00010 : downstream message of 381 bytes
--------------------------------------------------------------------------------
{
  "params" : [
    "Open_vSwitch",
    {
      "table" : "Wifi_Stats_Config",
      "row" : {
        "survey_interval_ms" : 65,
        "stats_type" : "video_voice",
        "sampling_interval" : 10,
        "reporting_interval" : 60,
        "report_type" : "raw",
        "radio_type" : "2.4G"
      },
      "op" : "insert"
    }
  ],
  "method" : "transact",
  "id" : "60"
}
--------------------------------------------------------------------------------

================================================================================
2020-11-14T14:26:38+00010 : upstream message of 155 bytes
--------------------------------------------------------------------------------
{
  "result" : [
    {
      "uuid" : [
        "uuid",
        "61870ab4-01a8-4686-9f38-cc315d30a43f"
      ]
    }
  ],
  "id" : "60",
  "error" : null
}
--------------------------------------------------------------------------------

================================================================================
2020-11-14T14:26:38+00010 : downstream message of 307 bytes
--------------------------------------------------------------------------------
{
  "params" : [
    "Open_vSwitch",
    {
      "table" : "Wifi_Stats_Config",
      "row" : {
        "stats_type" : "event",
        "sampling_interval" : 0,
        "reporting_interval" : 0,
        "radio_type" : "2.4G"
      },
      "op" : "insert"
    }
  ],
  "method" : "transact",
  "id" : "61"
}
--------------------------------------------------------------------------------

================================================================================
2020-11-14T14:26:39+00011 : upstream message of 155 bytes
--------------------------------------------------------------------------------
{
  "result" : [
    {
      "uuid" : [
        "uuid",
        "5f7a3c37-4132-49d7-8ba2-f6fd168fa8e3"
      ]
    }
  ],
  "id" : "61",
  "error" : null
}
--------------------------------------------------------------------------------

================================================================================
2020-11-14T14:26:39+00011 : downstream message of 361 bytes
--------------------------------------------------------------------------------
{
  "params" : [
    "Open_vSwitch",
    {
      "where" : [
        [
          "stats_type",
          "==",
          "device"
        ]
      ],
      "table" : "Wifi_Stats_Config",
      "op" : "select",
      "columns" : [
        "reporting_interval",
        "stats_type",
        "radio_type"
      ]
    }
  ],
  "method" : "transact",
  "id" : "62"
}
--------------------------------------------------------------------------------

================================================================================
2020-11-14T14:26:39+00011 : upstream message of 101 bytes
--------------------------------------------------------------------------------
{
  "result" : [
    {
      "rows" : [
        
      ]
    }
  ],
  "id" : "62",
  "error" : null
}
--------------------------------------------------------------------------------

================================================================================
2020-11-14T14:26:39+00011 : downstream message of 276 bytes
--------------------------------------------------------------------------------
{
  "params" : [
    "Open_vSwitch",
    {
      "table" : "Wifi_Stats_Config",
      "row" : {
        "stats_type" : "device",
        "reporting_interval" : 60,
        "radio_type" : "2.4G"
      },
      "op" : "insert"
    }
  ],
  "method" : "transact",
  "id" : "63"
}
--------------------------------------------------------------------------------

================================================================================
2020-11-14T14:26:39+00011 : upstream message of 155 bytes
--------------------------------------------------------------------------------
{
  "result" : [
    {
      "uuid" : [
        "uuid",
        "42e49424-bee8-4498-9c7c-9b552be7f506"
      ]
    }
  ],
  "id" : "63",
  "error" : null
}
--------------------------------------------------------------------------------

================================================================================
2020-11-14T14:26:39+00011 : downstream message of 318 bytes
--------------------------------------------------------------------------------
{
  "params" : [
    "Open_vSwitch",
    "Wifi_Radio_State_Open_AP_21P10C69717951",
    {
      "Wifi_Radio_State" : {
        "select" : {
          "modify" : true,
          "insert" : false,
          "initial" : true,
          "delete" : false
        }
      }
    }
  ],
  "method" : "monitor",
  "id" : "64"
}
--------------------------------------------------------------------------------

================================================================================
2020-11-14T14:26:39+00011 : downstream message of 314 bytes
--------------------------------------------------------------------------------
{
  "params" : [
    "Open_vSwitch",
    "Wifi_Inet_State_Open_AP_21P10C69717951",
    {
      "Wifi_Inet_State" : {
        "select" : {
          "modify" : true,
          "insert" : true,
          "initial" : true,
          "delete" : true
        }
      }
    }
  ],
  "method" : "monitor",
  "id" : "65"
}
--------------------------------------------------------------------------------

================================================================================
2020-11-14T14:26:39+00011 : downstream message of 312 bytes
--------------------------------------------------------------------------------
{
  "params" : [
    "Open_vSwitch",
    "Wifi_VIF_State_Open_AP_21P10C69717951",
    {
      "Wifi_VIF_State" : {
        "select" : {
          "modify" : true,
          "insert" : true,
          "initial" : true,
          "delete" : true
        }
      }
    }
  ],
  "method" : "monitor",
  "id" : "66"
}
--------------------------------------------------------------------------------

================================================================================
2020-11-14T14:26:39+00011 : upstream message of 60 bytes
--------------------------------------------------------------------------------
{
  "result" : {
    
  },
  "id" : "66",
  "error" : null
}
--------------------------------------------------------------------------------

================================================================================
2020-11-14T14:26:39+00011 : downstream message of 200 bytes
--------------------------------------------------------------------------------
{
  "params" : [
    "Open_vSwitch",
    "Wifi_Associated_Clients_Open_AP_21P10C69717951",
    {
      "Wifi_Associated_Clients" : {
        
      }
    }
  ],
  "method" : "monitor",
  "id" : "67"
}
--------------------------------------------------------------------------------

================================================================================
2020-11-14T14:26:39+00011 : upstream message of 60 bytes
--------------------------------------------------------------------------------
{
  "result" : {
    
  },
  "id" : "67",
  "error" : null
}
--------------------------------------------------------------------------------

================================================================================
2020-11-14T14:26:39+00011 : downstream message of 306 bytes
--------------------------------------------------------------------------------
{
  "params" : [
    "Open_vSwitch",
    "AWLAN_Node_Open_AP_21P10C69717951",
    {
      "AWLAN_Node" : {
        "select" : {
          "modify" : true,
          "insert" : false,
          "initial" : true,
          "delete" : false
        }
      }
    }
  ],
  "method" : "monitor",
  "id" : "68"
}
--------------------------------------------------------------------------------

================================================================================
2020-11-14T14:26:39+00011 : downstream message of 312 bytes
--------------------------------------------------------------------------------
{
  "params" : [
    "Open_vSwitch",
    "DHCP_leased_IP_Open_AP_21P10C69717951",
    {
      "DHCP_leased_IP" : {
        "select" : {
          "modify" : true,
          "insert" : true,
          "initial" : true,
          "delete" : true
        }
      }
    }
  ],
  "method" : "monitor",
  "id" : "69"
}
--------------------------------------------------------------------------------

================================================================================
2020-11-14T14:26:39+00011 : upstream message of 60 bytes
--------------------------------------------------------------------------------
{
  "result" : {
    
  },
  "id" : "69",
  "error" : null
}
--------------------------------------------------------------------------------

================================================================================
2020-11-14T14:26:39+00011 : downstream message of 180 bytes
--------------------------------------------------------------------------------
{
  "params" : [
    "Open_vSwitch",
    "Command_State_Open_AP_21P10C69717951",
    {
      "Command_State" : {
        
      }
    }
  ],
  "method" : "monitor",
  "id" : "70"
}
--------------------------------------------------------------------------------

================================================================================
2020-11-14T14:26:39+00011 : upstream message of 60 bytes
--------------------------------------------------------------------------------
{
  "result" : {
    
  },
  "id" : "70",
  "error" : null
}
--------------------------------------------------------------------------------

================================================================================
2020-11-14T14:27:09+00042 : upstream message of 65 bytes
--------------------------------------------------------------------------------
{
  "params" : [
    
  ],
  "method" : "echo",
  "id" : "echo"
}
--------------------------------------------------------------------------------

================================================================================
2020-11-14T14:27:10+00042 : downstream message of 62 bytes
--------------------------------------------------------------------------------
{
  "result" : [
    
  ],
  "id" : "echo",
  "error" : null
}
--------------------------------------------------------------------------------

================================================================================
2020-11-14T14:27:40+00072 : downstream message of 72 bytes
--------------------------------------------------------------------------------
{
  "params" : [
    
  ],
  "method" : "echo",
  "id" : "heartbeat-0"
}
--------------------------------------------------------------------------------

================================================================================
2020-11-14T14:27:40+00072 : upstream message of 69 bytes
--------------------------------------------------------------------------------
{
  "result" : [
    
  ],
  "id" : "heartbeat-0",
  "error" : null
}
--------------------------------------------------------------------------------

================================================================================
2020-11-14T14:28:10+00102 : upstream message of 65 bytes
--------------------------------------------------------------------------------
{
  "params" : [
    
  ],
  "method" : "echo",
  "id" : "echo"
}
--------------------------------------------------------------------------------

================================================================================
2020-11-14T14:28:10+00102 : downstream message of 72 bytes
--------------------------------------------------------------------------------
{
  "params" : [
    
  ],
  "method" : "echo",
  "id" : "heartbeat-1"
}
--------------------------------------------------------------------------------

================================================================================
2020-11-14T14:28:10+00102 : downstream message of 62 bytes
--------------------------------------------------------------------------------
{
  "result" : [
    
  ],
  "id" : "echo",
  "error" : null
}
--------------------------------------------------------------------------------

================================================================================
2020-11-14T14:28:10+00102 : upstream message of 69 bytes
--------------------------------------------------------------------------------
{
  "result" : [
    
  ],
  "id" : "heartbeat-1",
  "error" : null
}
--------------------------------------------------------------------------------

