================================================================================
2020-12-16T00:45:53+00063 : upstream message of 28 bytes
--------------------------------------------------------------------------------
<<16,26,0,4,77,81,84,84,4,2,0,180,0,14,50,49,80,49,48,67,54,57,55,49,55,57,53,
  49>>
--------------------------------------------------------------------------------

================================================================================
2020-12-16T00:45:53+00063 : downstream message of 4 bytes
--------------------------------------------------------------------------------
<<32,2,0,0>>
--------------------------------------------------------------------------------

================================================================================
2020-12-16T00:47:42+00172 : upstream message of 477 bytes
--------------------------------------------------------------------------------
<<48,218,3,0,35,47,97,112,47,79,112,101,110,95,65,80,95,50,49,80,49,48,67,54,
  57,55,49,55,57,53,49,47,111,112,101,110,115,121,110,99,120,156,227,226,51,50,
  12,48,52,112,54,179,52,55,52,183,52,53,20,242,230,96,22,96,144,184,222,248,
  238,234,51,61,37,126,142,169,140,2,93,38,26,44,30,27,150,114,68,204,99,84,
  226,5,9,220,148,67,225,62,229,67,225,254,213,133,114,13,24,148,28,193,134,
  117,180,130,13,51,226,18,76,52,179,50,73,180,74,52,177,74,73,182,50,51,176,
  74,54,23,226,14,73,205,41,45,54,117,55,51,112,54,151,216,242,255,255,127,126,
  133,221,7,166,172,189,42,170,193,96,48,149,81,131,193,104,59,51,151,52,167,
  124,235,235,192,29,114,63,237,5,191,105,196,244,31,250,250,194,94,18,72,2,
  153,151,236,133,88,56,24,4,116,128,36,179,128,34,144,100,18,208,148,232,237,
  0,89,167,80,163,37,205,5,146,100,230,2,73,130,72,38,1,144,107,62,183,131,164,
  141,120,56,78,172,224,23,152,241,148,67,130,65,129,193,138,19,168,112,203,
  115,102,137,53,2,64,38,163,192,146,43,236,18,103,152,156,152,56,196,189,56,
  57,58,68,132,152,242,114,37,24,188,132,57,230,138,8,241,228,151,21,235,150,
  21,151,103,150,36,103,164,128,5,15,9,129,5,83,146,116,139,83,139,202,82,139,
  128,130,60,28,47,184,132,88,243,210,51,243,42,128,60,78,142,78,160,17,133,
  185,96,102,31,144,89,14,98,242,113,236,49,23,98,207,200,47,46,73,44,0,25,36,
  202,113,153,83,136,175,188,32,49,190,184,180,160,32,39,51,57,49,175,4,172,
  163,27,168,163,24,164,131,155,163,77,68,136,37,57,55,5,200,9,226,130,185,107,
  138,87,144,8,166,195,246,152,1,69,49,92,214,162,22,196,139,228,180,27,210,64,
  99,160,110,187,32,6,100,67,29,119,70,48,136,31,197,117,79,248,131,196,176,57,
  239,15,31,80,19,212,125,127,120,131,120,16,14,108,224,5,0,140,28,169,143>>
--------------------------------------------------------------------------------

================================================================================
2020-12-16T00:48:42+00232 : upstream message of 998 bytes
--------------------------------------------------------------------------------
<<48,227,7,0,35,47,97,112,47,79,112,101,110,95,65,80,95,50,49,80,49,48,67,54,
  57,55,49,55,57,53,49,47,111,112,101,110,115,121,110,99,120,156,125,146,93,
  108,20,85,20,199,231,99,129,187,179,95,51,227,98,46,86,76,179,18,50,1,182,
  204,204,206,206,236,222,7,155,218,144,54,27,31,204,110,27,121,48,49,179,51,
  179,109,3,219,214,110,219,53,62,109,216,166,82,76,192,196,54,38,26,68,12,193,
  42,13,18,149,168,1,94,218,151,66,33,193,143,26,99,244,65,209,106,76,252,40,
  81,208,90,173,119,238,14,101,55,69,95,110,238,255,220,223,255,156,115,207,
  189,92,88,85,30,87,228,118,61,109,40,70,58,169,136,221,128,225,41,120,237,
  214,79,139,75,45,177,48,216,193,255,211,37,177,157,63,254,2,246,191,76,199,
  130,88,159,217,94,175,190,9,212,171,197,61,68,189,82,83,191,62,232,41,153,18,
  123,0,133,211,190,61,246,179,155,150,7,155,249,213,102,41,36,51,157,71,254,6,
  251,79,208,36,242,154,32,1,153,174,143,76,111,147,2,141,204,66,68,10,203,108,
  125,100,149,151,184,117,134,20,98,113,161,133,243,55,221,66,33,48,69,243,103,
  31,234,28,95,9,184,60,145,31,134,27,228,66,156,200,87,61,121,115,123,195,105,
  165,17,158,186,3,203,84,236,10,67,174,244,82,149,92,201,224,132,188,133,52,
  27,21,242,72,177,144,169,33,53,47,10,185,206,182,39,226,74,123,155,166,202,
  241,142,17,167,52,12,207,175,173,173,69,154,43,115,159,205,47,114,18,37,111,
  142,41,27,141,41,49,80,103,132,239,214,44,213,27,119,44,187,57,65,181,80,82,
  71,54,94,53,148,47,32,77,22,125,109,185,238,28,60,69,216,137,234,245,227,151,
  142,210,4,222,197,9,134,140,228,4,50,28,164,216,40,165,33,203,22,125,185,94,
  179,12,175,19,120,172,242,199,145,138,65,216,157,27,89,71,164,60,110,188,242,
  231,127,115,182,186,206,189,88,253,63,78,198,220,71,94,221,191,60,78,162,98,
  111,185,195,164,225,201,67,100,152,50,39,104,26,42,56,40,145,71,73,3,165,44,
  148,79,136,254,174,125,143,117,231,116,53,169,194,233,90,130,234,237,201,67,
  215,124,56,3,29,219,203,9,142,133,116,11,165,77,164,232,40,137,199,105,172,
  59,140,52,124,159,56,150,78,206,156,94,238,89,55,104,200,72,186,51,116,116,
  148,46,224,66,158,193,208,247,233,240,77,98,184,117,110,101,101,114,15,49,
  180,112,66,218,66,138,131,210,196,99,36,80,74,245,12,170,162,42,94,79,213,
  185,19,191,61,114,175,142,12,29,165,10,245,29,189,67,248,229,215,95,152,60,
  93,43,128,135,85,80,145,42,35,219,68,154,138,108,29,37,20,60,172,55,8,119,
  233,185,153,47,206,49,46,135,135,213,70,190,248,124,237,139,171,156,96,234,
  72,51,221,159,131,251,210,101,100,25,98,160,203,57,56,82,74,118,232,114,187,
  225,85,186,80,185,113,121,113,43,206,48,133,83,168,243,44,215,228,143,158,
  237,248,250,217,232,82,171,48,247,187,244,228,177,217,239,90,183,29,155,117,
  119,31,183,138,62,252,28,45,120,101,249,135,241,202,240,187,225,237,47,151,
  113,185,230,15,232,93,77,156,123,202,114,238,169,187,50,188,219,206,87,228,
  92,13,130,249,233,8,95,153,224,32,213,76,33,63,6,223,251,158,133,51,60,222,
  210,252,169,79,183,192,171,204,163,12,96,51,97,112,209,16,183,244,14,148,134,
  205,65,27,110,202,220,7,102,69,49,56,48,90,178,243,241,146,51,52,234,12,65,
  54,227,7,71,163,34,83,46,66,38,35,0,86,12,28,40,15,12,29,112,134,246,226,63,
  5,105,108,57,30,37,150,248,104,169,220,55,108,245,218,56,232,7,207,99,75,169,
  136,183,2,136,222,181,168,196,178,21,124,226,23,195,229,65,243,169,210,200,
  224,224,193,62,203,236,31,134,84,38,8,126,224,196,77,253,61,125,253,207,96,
  21,0,227,81,209,103,21,237,34,164,178,28,56,140,243,245,23,225,100,38,27,221,
  88,240,162,142,163,27,58,31,219,153,13,213,165,252,188,9,167,153,192,105,158,
  46,194,195,15,224,189,119,171,171,66,54,210,48,134,111,35,217,251,239,213,
  225,106,24,155,188,123,173,134,178,193,187,13,86,66,255,2,229,100,184,46>>
--------------------------------------------------------------------------------

================================================================================
2020-12-16T00:48:53+00243 : upstream message of 2 bytes
--------------------------------------------------------------------------------
<<192,0>>
--------------------------------------------------------------------------------

================================================================================
2020-12-16T00:48:53+00243 : downstream message of 2 bytes
--------------------------------------------------------------------------------
<<208,0>>
--------------------------------------------------------------------------------

================================================================================
2020-12-16T00:49:42+00292 : upstream message of 945 bytes
--------------------------------------------------------------------------------
<<48,174,7,0,35,47,97,112,47,79,112,101,110,95,65,80,95,50,49,80,49,48,67,54,
  57,55,49,55,57,53,49,47,111,112,101,110,115,121,110,99,120,156,125,146,91,
  140,19,85,24,199,231,178,46,167,211,118,59,51,22,115,214,197,100,211,144,165,
  129,174,59,51,180,51,237,73,204,102,221,152,221,52,62,152,22,34,111,102,58,
  51,123,9,116,183,108,119,183,94,94,154,72,22,22,35,241,1,76,36,10,81,228,18,
  33,134,13,240,128,46,164,89,20,149,112,51,80,245,197,4,205,130,196,7,141,215,
  23,55,169,223,156,182,180,101,209,151,147,243,255,206,239,255,255,206,119,
  102,132,14,77,125,65,85,6,245,132,161,26,137,152,42,155,136,19,25,92,169,252,
  94,190,247,116,200,135,214,139,63,123,135,63,249,204,183,237,32,75,213,91,17,
  170,222,169,170,165,117,205,170,236,109,86,203,155,154,213,92,157,84,24,249,
  21,196,64,139,115,111,254,225,182,16,81,187,120,164,51,236,83,184,225,95,191,
  246,109,59,204,210,202,82,32,220,174,176,180,114,168,90,249,92,124,184,178,
  191,51,236,81,248,102,215,197,64,88,104,205,249,167,145,115,216,109,61,138,
  120,104,253,193,222,191,221,214,126,116,128,21,143,61,53,252,253,245,128,203,
  83,185,232,111,145,55,34,84,30,170,201,95,214,181,200,57,127,139,220,93,135,
  21,38,116,159,133,119,100,113,177,72,135,236,19,36,199,34,186,69,18,38,81,
  117,98,232,36,161,200,158,45,207,61,191,53,173,107,70,2,159,168,84,42,129,
  238,165,59,243,39,143,69,194,140,18,9,245,128,193,169,25,180,186,129,169,113,
  151,27,220,67,193,49,155,140,196,155,131,79,81,67,233,206,149,243,191,141,62,
  42,184,106,96,240,73,202,149,27,220,6,202,141,68,73,76,37,102,134,196,45,18,
  183,129,59,74,185,149,247,207,159,190,125,142,7,80,9,51,161,43,28,253,158,31,
  85,191,167,33,72,25,139,68,33,55,67,84,139,152,81,162,101,100,41,61,60,240,
  98,175,58,56,16,213,148,222,161,25,39,63,141,207,210,164,226,235,71,239,150,
  5,8,106,15,169,171,141,113,217,219,100,172,91,46,45,212,45,155,4,73,179,72,
  76,39,54,172,81,146,25,33,81,69,110,27,72,111,77,215,46,122,112,247,143,167,
  47,236,99,41,188,81,144,12,133,40,155,137,225,16,213,38,241,40,177,108,185,
  45,61,102,22,240,77,10,239,45,93,62,94,52,40,219,179,154,117,96,250,42,55,95,
  250,226,191,57,91,123,192,189,125,233,255,56,229,1,183,171,244,85,141,131,
  199,28,160,63,232,241,234,15,170,9,146,169,147,168,233,62,6,140,168,43,196,
  50,100,239,22,103,199,76,62,54,164,43,131,6,62,67,19,62,45,45,220,43,175,133,
  132,3,48,170,118,141,23,186,60,175,5,63,30,250,225,213,229,126,105,231,51,
  194,183,71,114,119,251,59,97,133,237,173,126,185,13,62,87,31,172,188,184,30,
  86,78,140,224,111,22,254,130,118,221,127,178,27,187,4,247,148,23,220,83,119,
  229,68,247,58,23,232,185,230,67,95,158,8,136,239,158,17,48,211,205,16,15,128,
  103,127,226,241,41,17,182,172,248,225,237,53,248,42,247,44,135,248,100,7,90,
  52,228,53,99,147,249,105,51,103,227,246,228,227,104,73,150,125,147,179,121,
  59,211,155,119,166,102,157,41,204,39,61,104,95,80,230,10,89,204,37,37,196,
  203,222,237,133,201,169,237,206,84,31,60,19,102,193,242,94,144,90,122,103,
  243,133,241,105,107,204,134,162,7,189,1,150,124,22,182,18,10,54,44,26,181,72,
  200,108,148,54,19,13,74,107,209,45,143,220,81,200,153,47,229,103,114,185,29,
  227,150,57,49,141,153,164,23,205,5,229,54,43,107,103,49,147,18,208,30,8,157,
  200,226,253,201,84,112,117,215,69,29,170,171,174,191,171,39,229,71,247,5,249,
  177,137,209,241,137,151,241,119,93,16,51,15,49,59,179,120,207,147,176,175,
  141,118,85,74,5,90,222,98,57,144,122,226,81,119,90,233,0,83,109,184,21,127,
  202,215,184,96,209,255,47,101,45,176,96>>
--------------------------------------------------------------------------------

