================================================================================
2020-12-13T03:54:01+00004 : upstream message of 28 bytes
--------------------------------------------------------------------------------
<<16,26,0,4,77,81,84,84,4,2,0,180,0,14,50,49,80,49,48,67,54,57,55,49,55,57,53,
  49>>
--------------------------------------------------------------------------------

================================================================================
2020-12-13T03:54:01+00004 : downstream message of 4 bytes
--------------------------------------------------------------------------------
<<32,2,0,0>>
--------------------------------------------------------------------------------

================================================================================
2020-12-13T03:55:18+00081 : upstream message of 579 bytes
--------------------------------------------------------------------------------
<<48,192,4,0,35,47,97,112,47,79,112,101,110,95,65,80,95,50,49,80,49,48,67,54,
  57,55,49,55,57,53,49,47,111,112,101,110,115,121,110,99,120,156,117,146,75,
  104,19,65,28,198,119,147,180,164,27,105,179,115,154,163,174,32,171,210,118,
  102,179,187,179,249,223,98,144,230,224,65,73,139,122,115,31,19,21,20,133,180,
  232,49,144,136,162,80,65,233,77,52,34,213,75,193,7,136,214,94,2,69,208,34,98,
  14,197,122,241,81,95,7,65,65,143,30,226,116,18,99,77,233,101,24,62,126,223,
  247,253,231,161,13,90,116,63,37,121,55,203,40,203,58,20,29,72,198,211,10,94,
  152,107,190,251,60,98,12,37,103,212,244,239,152,153,42,124,184,190,243,208,
  53,181,45,124,75,152,234,127,194,237,190,30,161,246,79,32,10,58,154,84,68,
  228,242,19,25,153,78,246,167,127,38,76,157,168,133,85,1,212,85,169,172,108,
  51,183,144,152,84,110,180,149,23,49,115,59,233,91,175,84,226,189,204,106,204,
  212,58,74,93,20,25,75,49,217,180,210,110,218,165,233,140,0,201,0,227,64,35,
  240,108,8,35,148,40,30,243,207,224,87,173,86,107,104,107,173,50,253,224,211,
  168,169,144,126,99,199,70,150,35,165,195,157,171,92,222,156,139,172,46,119,
  165,218,229,118,107,186,21,130,227,66,36,86,27,130,18,216,4,37,114,197,137,
  34,158,109,103,46,190,108,220,60,175,74,152,106,122,16,130,29,65,41,0,26,130,
  111,131,229,161,84,177,144,59,56,76,243,57,219,34,248,158,244,84,170,207,127,
  204,199,55,155,131,136,57,154,146,187,208,168,253,157,131,109,140,14,144,190,
  46,122,120,108,138,151,39,241,221,158,2,83,49,202,242,35,188,110,223,165,165,
  233,190,11,182,191,150,32,142,228,18,8,25,74,141,243,19,83,101,103,204,37,
  121,134,31,202,132,133,247,223,223,204,15,138,132,25,213,32,154,206,69,101,4,
  156,128,47,54,22,88,28,13,228,78,243,179,140,122,222,30,124,95,58,150,26,143,
  158,117,28,162,180,174,138,23,84,241,175,199,178,117,84,38,184,33,100,125,
  160,46,56,226,24,12,13,140,239,221,55,81,116,45,150,237,116,94,93,156,109,46,
  31,17,9,170,49,178,206,144,245,128,58,64,74,40,121,248,84,153,159,60,62,201,
  241,45,201,79,127,124,123,113,14,75,94,140,104,219,80,226,144,9,192,97,224,
  133,16,100,186,5,142,133,239,72,195,165,234,215,198,151,167,137,53,135,169,
  252,1,145,223,254,63>>
--------------------------------------------------------------------------------

================================================================================
2020-12-13T03:56:18+00141 : upstream message of 821 bytes
--------------------------------------------------------------------------------
<<48,178,6,0,35,47,97,112,47,79,112,101,110,95,65,80,95,50,49,80,49,48,67,54,
  57,55,49,55,57,53,49,47,111,112,101,110,115,121,110,99,120,156,117,83,111,72,
  19,97,28,190,221,230,186,221,150,222,78,161,139,85,200,136,184,180,213,123,
  215,182,155,47,132,76,9,69,34,202,25,250,117,219,157,127,32,151,57,255,245,
  205,146,161,84,80,31,180,15,37,97,53,74,34,106,154,100,150,31,36,9,52,42,44,
  13,193,12,173,148,34,131,8,33,34,8,123,239,221,217,54,135,251,112,252,158,
  231,125,158,223,239,249,221,237,165,51,69,225,152,0,138,221,5,146,32,21,184,
  4,246,48,69,50,4,55,185,240,102,97,121,191,221,66,237,102,254,100,151,174,78,
  239,173,186,170,195,104,210,152,140,38,152,100,52,184,142,0,193,54,80,122,
  212,166,247,236,187,120,155,30,29,67,148,62,91,221,87,213,171,179,103,169,
  104,217,192,235,82,136,57,114,3,17,221,72,220,217,104,185,150,80,160,137,103,
  40,2,77,124,116,9,79,100,40,35,179,66,242,20,32,75,199,145,160,79,135,153,81,
  146,207,6,186,100,230,189,129,183,1,35,102,174,199,153,62,3,159,161,105,52,
  230,60,201,51,64,159,204,196,12,188,241,127,103,64,216,195,120,217,225,248,
  104,145,182,250,221,208,233,135,126,39,148,131,208,13,96,80,98,205,21,202,
  201,230,176,171,196,13,138,37,110,104,109,109,45,43,247,233,98,236,215,72,38,
  79,128,30,157,29,208,86,37,8,253,50,84,0,244,163,66,132,162,194,154,188,13,
  74,155,36,120,60,69,220,32,118,188,232,91,93,210,28,60,97,255,75,226,133,71,
  226,83,243,104,171,4,32,56,8,37,5,10,50,244,56,97,80,102,13,190,90,127,43,
  247,22,155,207,181,255,158,92,58,128,204,70,251,158,116,173,194,18,154,174,
  163,253,219,235,77,117,178,136,116,83,88,119,121,124,116,76,211,229,211,86,
  49,8,93,110,117,93,151,19,6,170,161,19,176,6,175,239,132,143,139,98,237,133,
  207,87,62,220,232,212,97,177,64,91,3,65,232,148,97,117,0,10,65,245,37,137,30,
  214,236,43,245,86,58,132,98,175,83,4,218,178,237,29,15,59,159,232,55,203,1,
  80,142,105,172,155,155,250,190,158,87,74,111,29,96,173,73,173,29,37,205,74,
  184,137,27,192,198,219,29,209,139,218,0,148,73,242,64,89,134,130,8,149,2,117,
  13,217,197,154,43,155,29,21,254,80,141,227,136,247,40,119,19,91,186,198,231,
  23,126,228,171,22,158,16,239,234,105,155,41,178,114,252,241,174,200,74,161,
  53,218,112,136,158,189,245,181,112,251,171,151,234,111,190,144,53,160,139,
  132,94,3,250,72,78,244,212,51,60,23,249,164,94,170,220,254,140,60,27,173,158,
  234,105,245,84,125,234,25,245,15,244,243,163,122,46,90,168,137,254,44,102,44,
  98,226,136,92,2,154,144,100,232,139,158,235,102,80,137,110,197,204,22,110,
  204,80,68,82,84,153,137,26,200,97,201,80,61,71,148,101,83,207,115,88,203,169,
  150,176,163,37,220,90,215,20,172,149,49,57,203,98,82,14,56,194,74,99,139,210,
  136,72,11,117,223,204,102,132,106,234,66,109,24,61,72,65,247,82,80,44,5,45,
  209,9,100,162,6,209,232,211,245,184,28,70,101,43,42,203,233,245,64,221,101,
  229,57,233,137,102,36,196,166,69,154,223,93,190,53,41,83,215,78,4,19,161,98,
  59,16,76,164,138,170,48,17,107,202,134,96,34,87,204,134,34,104,193,70,183,
  161,90,75,182,200,254,3,91,146,118,138>>
--------------------------------------------------------------------------------

================================================================================
2020-12-13T03:57:01+00184 : upstream message of 2 bytes
--------------------------------------------------------------------------------
<<192,0>>
--------------------------------------------------------------------------------

================================================================================
2020-12-13T03:57:01+00184 : downstream message of 2 bytes
--------------------------------------------------------------------------------
<<208,0>>
--------------------------------------------------------------------------------

================================================================================
2020-12-13T03:57:18+00201 : upstream message of 935 bytes
--------------------------------------------------------------------------------
<<48,164,7,0,35,47,97,112,47,79,112,101,110,95,65,80,95,50,49,80,49,48,67,54,
  57,55,49,55,57,53,49,47,111,112,101,110,115,121,110,99,120,156,125,82,91,108,
  20,85,24,158,203,110,123,118,182,116,103,15,125,56,82,52,205,6,205,6,93,123,
  102,186,59,179,123,120,104,74,99,218,108,76,212,46,4,30,221,157,153,210,6,
  123,219,45,45,250,84,67,8,73,9,9,132,139,96,48,161,166,15,69,9,82,5,33,92,98,
  141,32,196,96,130,208,42,137,150,75,92,69,83,125,49,132,71,235,63,103,186,
  219,101,27,121,57,57,223,119,190,239,255,254,255,159,81,234,117,237,77,141,
  182,27,41,83,51,83,9,13,91,72,82,5,242,205,213,185,251,191,189,26,169,67,235,
  212,147,53,157,55,167,98,91,63,20,57,154,80,57,58,38,70,234,1,237,87,163,34,
  199,71,189,215,39,254,74,244,79,168,164,117,209,181,18,162,2,30,66,50,132,
  252,59,119,215,13,9,161,195,162,250,88,134,74,147,55,232,214,227,162,71,252,
  85,65,172,114,137,91,210,83,239,31,73,85,134,43,213,21,206,47,19,16,249,46,
  18,32,242,131,34,143,84,81,141,186,32,69,253,212,19,156,16,57,243,243,10,102,
  94,174,102,166,229,104,237,211,204,113,41,26,160,82,21,131,202,12,21,34,95,
  137,176,83,145,124,225,237,244,37,37,236,56,204,176,88,42,203,116,131,37,108,
  214,157,196,2,57,185,184,184,24,106,154,31,251,248,209,220,219,81,129,190,82,
  173,51,13,150,162,101,221,157,19,231,238,142,191,200,117,205,160,179,150,116,
  90,169,94,96,211,107,175,111,206,24,186,153,34,159,112,195,245,229,194,85,6,
  175,112,133,193,75,184,87,78,136,10,145,239,36,190,189,99,222,246,214,43,97,
  147,50,218,194,76,135,105,54,75,198,153,101,99,95,166,39,59,74,110,115,239,
  248,216,167,11,197,102,240,214,184,83,84,107,29,152,194,211,93,216,119,170,
  164,123,89,9,235,22,75,24,204,134,51,206,114,221,44,78,177,175,45,179,57,67,
  38,185,118,239,175,71,230,39,246,136,92,172,41,225,156,197,226,48,105,142,
  105,22,203,198,153,158,196,193,76,103,219,150,152,214,222,22,215,41,153,230,
  158,191,119,253,62,117,81,254,159,62,108,90,238,99,124,102,162,212,135,185,
  178,116,14,135,43,74,199,58,118,56,133,225,165,128,177,103,6,232,16,112,135,
  235,14,28,40,13,10,203,44,240,159,255,168,183,75,93,9,103,13,22,207,186,73,
  48,186,65,153,101,226,224,38,231,157,29,133,68,135,65,219,77,114,142,87,184,
  244,96,239,193,139,245,80,225,176,24,161,252,3,102,109,230,80,150,133,139,
  206,116,7,7,218,6,157,157,166,150,76,110,36,103,185,227,235,153,217,247,151,
  28,81,65,191,46,43,141,129,206,135,239,53,156,238,248,179,53,220,117,225,133,
  221,11,111,253,209,250,28,64,224,238,181,98,31,252,162,58,156,130,154,128,83,
  86,163,228,199,47,221,223,181,169,232,95,223,168,184,175,178,226,190,186,167,
  172,186,3,204,240,119,189,14,221,152,10,169,83,223,7,136,208,36,176,0,72,206,
  62,146,201,33,21,174,162,58,57,91,75,110,250,54,74,200,159,174,71,151,223,
  192,181,61,3,133,225,236,160,77,106,210,171,209,79,24,215,13,140,20,236,92,
  172,224,228,71,156,60,145,211,117,232,116,16,251,251,183,245,246,239,4,20,64,
  231,27,176,52,218,71,164,116,16,93,69,216,151,31,180,108,0,171,209,181,6,110,
  141,141,20,70,123,135,173,30,155,136,105,140,190,109,193,193,237,163,3,249,
  237,78,190,25,190,4,112,97,84,11,84,97,160,123,184,55,63,100,55,83,46,251,97,
  195,178,76,103,45,92,22,90,166,52,215,217,165,160,105,136,238,239,35,135,210,
  93,13,43,227,102,77,96,87,244,255,203,186,174,85,21,3,236,127,30,224,103,101,
  120,102,45,192,83,101,56,233,194,51,101,120,171,17,96,81,41,139,27,161,133,
  207,161,133,161,62,82,92,3,247,165,77,60,192,255,1,77,214,177,220>>
--------------------------------------------------------------------------------

================================================================================
2020-12-13T03:58:18+00261 : upstream message of 792 bytes
--------------------------------------------------------------------------------
<<48,149,6,0,35,47,97,112,47,79,112,101,110,95,65,80,95,50,49,80,49,48,67,54,
  57,55,49,55,57,53,49,47,111,112,101,110,115,121,110,99,120,156,141,147,93,72,
  83,97,24,199,207,199,116,239,206,150,59,123,219,197,91,43,144,33,53,132,229,
  57,199,233,153,111,132,168,23,142,221,20,26,228,237,182,115,76,177,233,220,
  153,31,213,141,80,80,210,93,40,37,100,76,148,18,9,191,176,15,204,139,162,44,
  65,2,43,65,18,179,12,197,91,233,38,12,194,222,157,125,56,29,65,55,47,207,255,
  247,254,159,231,255,188,27,135,43,144,196,11,162,80,83,94,33,139,114,69,153,
  8,3,128,225,41,52,52,240,229,219,214,25,167,5,20,241,143,242,124,99,127,132,
  134,1,90,87,83,214,108,21,79,170,251,73,181,106,200,86,91,5,217,206,165,180,
  18,40,168,1,150,68,124,29,91,75,68,88,65,63,205,255,60,237,98,124,55,6,61,13,
  15,232,36,88,231,92,244,1,176,200,28,2,143,15,131,141,116,203,96,10,12,50,25,
  64,66,175,2,138,132,254,122,161,135,242,32,159,255,193,184,128,192,248,110,
  18,67,156,214,201,135,28,114,143,37,132,206,38,195,78,23,119,208,211,207,186,
  140,7,61,59,12,33,105,143,64,57,147,239,77,69,75,156,45,80,142,61,1,28,240,
  96,37,132,203,5,28,146,161,249,162,122,165,67,43,171,45,23,106,100,244,108,
  111,111,207,90,248,50,190,58,49,91,224,162,132,126,218,41,112,54,53,132,3,10,
  86,5,28,32,133,132,37,21,154,170,34,106,183,44,122,189,213,104,74,239,120,
  221,51,252,48,213,225,162,156,131,140,254,224,221,100,106,49,103,147,5,44,
  148,98,89,197,162,130,189,30,28,82,160,161,190,41,208,133,62,235,205,189,175,
  118,111,109,149,144,230,124,231,169,92,175,10,169,148,111,116,225,119,218,39,
  114,182,96,8,123,20,220,24,196,98,40,241,30,201,11,205,245,190,170,75,110,
  177,166,202,35,9,169,189,122,222,204,204,207,178,255,24,173,8,153,209,189,61,
  59,233,209,114,238,232,32,180,101,141,118,215,118,168,90,12,77,255,71,128,68,
  2,62,233,190,167,139,233,221,93,148,244,158,229,28,166,235,246,241,218,141,
  107,155,149,54,110,101,56,114,142,219,174,60,166,3,251,122,37,52,144,239,64,
  34,39,197,151,145,147,229,139,209,220,157,196,55,81,24,207,47,118,112,137,91,
  150,75,220,38,78,150,79,252,193,67,250,189,100,1,11,163,86,126,244,174,9,81,
  133,20,54,17,203,204,54,139,250,120,82,210,252,200,178,17,45,27,170,25,96,
  240,23,128,185,243,208,216,212,166,197,2,17,5,229,251,143,130,21,8,45,109,
  157,154,18,116,107,106,180,83,141,34,214,111,1,227,102,152,215,122,185,185,
  181,155,40,51,120,11,160,33,26,9,41,136,33,254,121,187,238,119,119,106,93,
  205,177,80,147,130,104,63,4,31,207,66,115,75,87,91,180,69,141,150,72,184,84,
  103,239,74,247,25,249,117,8,179,1,35,65,90,91,99,172,57,218,174,148,36,145,
  117,223,37,234,46,19,152,177,67,70,11,35,186,142,3,83,164,108,13,163,62,127,
  157,61,55,121,89,38,52,103,255,181,162,186,35,89,15,184,125,146,200,137,140,
  156,60,65,228,147,140,28,73,200,201,140,92,114,16,185,201,101,204,14,178,194,
  52,89,161,61,140,54,143,147,250,57,169,187,194,232,59,252,11,207,77,96,12>>
--------------------------------------------------------------------------------

================================================================================
2020-12-13T03:59:18+00321 : upstream message of 1096 bytes
--------------------------------------------------------------------------------
<<48,197,8,0,35,47,97,112,47,79,112,101,110,95,65,80,95,50,49,80,49,48,67,54,
  57,55,49,55,57,53,49,47,111,112,101,110,115,121,110,99,120,156,189,86,91,104,
  28,85,24,158,91,118,207,206,78,54,179,99,132,163,171,16,150,82,135,72,204,
  204,102,179,147,158,151,144,230,33,203,190,40,137,98,31,250,178,187,51,49,
  161,205,165,187,219,36,138,15,193,96,237,67,211,20,76,208,218,22,123,137,16,
  65,98,91,188,17,107,41,154,210,90,68,108,137,248,18,201,197,150,82,77,31,130,
  20,68,31,226,63,51,123,153,157,37,146,74,211,151,195,249,254,243,253,223,247,
  255,103,246,156,179,124,32,162,190,164,42,237,177,93,154,170,237,106,86,165,
  52,98,68,10,175,221,95,92,186,243,66,56,128,118,136,11,156,76,199,31,220,140,
  238,57,78,135,5,192,147,1,39,90,171,118,162,9,206,137,238,149,173,253,90,64,
  10,37,253,233,65,148,72,227,111,254,94,178,93,104,241,48,45,135,226,43,235,
  218,158,211,116,88,68,30,241,28,35,63,169,208,133,136,155,17,128,34,143,209,
  50,99,225,15,77,236,17,199,25,153,179,240,137,173,240,89,113,162,128,79,219,
  249,39,24,153,221,186,159,59,159,43,225,51,118,7,211,140,236,121,152,14,254,
  91,49,128,170,76,62,87,194,30,241,61,70,246,110,167,254,89,70,230,75,124,111,
  105,125,155,252,62,130,29,219,220,15,109,171,191,104,255,130,80,254,139,157,
  217,74,5,190,109,223,145,163,101,95,248,97,235,225,77,92,149,199,112,234,14,
  121,160,4,26,175,142,47,155,167,78,64,58,248,199,215,237,19,83,131,166,104,
  241,99,70,182,3,39,233,112,53,58,78,59,214,203,217,2,234,113,231,78,255,191,
  92,1,237,47,160,147,121,165,35,143,66,73,64,131,110,221,71,82,97,185,174,128,
  114,110,151,153,237,118,17,208,72,1,157,202,123,30,43,120,158,122,44,158,2,
  122,211,221,245,248,227,237,186,188,130,106,52,74,187,183,228,253,77,11,130,
  131,240,58,188,62,20,254,195,62,7,230,201,31,101,101,159,194,196,255,42,189,
  63,215,224,238,131,187,192,17,249,202,188,29,152,138,72,25,231,119,94,14,40,
  172,51,242,174,51,11,172,179,112,4,41,252,243,134,245,240,89,149,30,125,14,
  238,128,127,28,123,249,157,207,21,184,37,64,47,206,192,202,78,87,224,71,55,
  227,131,82,64,161,194,55,24,171,225,53,187,225,122,62,168,41,68,105,34,154,
  65,84,157,180,68,73,90,151,184,174,158,228,48,190,181,177,177,81,83,183,58,
  118,125,250,78,163,76,41,158,240,206,74,174,33,81,248,166,197,59,60,127,169,
  192,83,249,96,42,77,162,58,233,78,17,53,77,146,81,18,105,145,252,93,241,182,
  87,27,212,246,182,104,68,193,23,172,148,209,177,67,43,115,236,38,210,186,2,
  210,118,9,111,93,185,92,144,214,42,165,83,82,208,33,221,208,113,208,200,230,
  138,6,99,171,155,27,68,138,6,83,215,138,181,63,207,7,35,105,210,28,35,58,140,
  81,146,234,38,81,69,226,218,186,94,233,194,231,44,238,219,191,125,49,123,246,
  29,218,36,203,84,216,254,130,247,237,189,140,240,193,100,140,68,147,102,89,
  144,30,83,72,90,147,252,47,27,251,15,102,155,59,98,74,187,134,63,183,36,190,
  94,158,249,97,46,0,10,83,116,88,225,131,6,244,161,19,67,33,73,152,68,72,196,
  144,124,109,131,198,136,166,182,180,236,198,23,173,140,27,87,214,231,242,25,
  50,21,185,202,242,33,95,124,229,141,218,217,142,123,173,193,189,19,223,62,
  144,247,222,109,125,202,158,44,181,74,28,60,54,77,48,82,162,6,35,43,214,227,
  239,151,205,127,112,117,139,158,250,16,111,174,178,188,185,106,142,172,104,
  54,48,106,173,71,4,116,125,166,70,156,191,204,99,170,142,34,62,160,124,118,
  151,197,147,34,76,225,198,92,240,226,69,110,55,131,184,68,0,93,122,81,242,
  246,12,100,115,201,65,29,123,18,65,228,149,252,251,178,3,221,185,222,204,1,
  189,81,193,92,66,64,179,126,169,170,255,181,222,254,17,64,126,52,143,36,46,
  51,152,214,49,147,120,2,253,34,73,194,192,80,86,79,53,100,141,204,144,145,
  129,160,15,125,89,43,49,195,125,48,13,34,236,84,107,178,66,1,103,72,197,52,
  168,92,173,181,84,26,134,178,195,189,185,116,143,14,193,32,170,1,222,240,64,
  102,159,145,105,84,137,130,233,78,30,93,0,225,254,62,60,153,232,172,173,204,
  89,208,32,90,81,207,226,142,206,106,71,3,71,158,5,248,105,17,158,127,6,224,
  39,69,56,109,194,243,69,248,83,8,224,109,190,72,14,65,9,23,161,132,3,125,248,
  246,211,48,207,247,185,44,253,11,216,121,100,168>>
--------------------------------------------------------------------------------

================================================================================
2020-12-13T04:00:01+00364 : upstream message of 2 bytes
--------------------------------------------------------------------------------
<<192,0>>
--------------------------------------------------------------------------------

================================================================================
2020-12-13T04:00:01+00364 : downstream message of 2 bytes
--------------------------------------------------------------------------------
<<208,0>>
--------------------------------------------------------------------------------

================================================================================
2020-12-13T04:00:18+00381 : upstream message of 1193 bytes
--------------------------------------------------------------------------------
<<48,166,9,0,35,47,97,112,47,79,112,101,110,95,65,80,95,50,49,80,49,48,67,54,
  57,55,49,55,57,53,49,47,111,112,101,110,115,121,110,99,120,156,181,84,93,76,
  28,85,20,158,217,89,216,187,179,195,238,236,192,195,85,52,161,43,234,164,21,
  153,153,221,157,153,189,154,32,37,4,178,49,209,128,77,251,208,164,46,51,179,
  133,40,63,101,249,169,62,17,105,33,88,43,109,3,13,109,140,105,165,209,26,27,
  138,181,212,164,144,138,212,159,194,131,241,135,182,47,173,165,165,85,94,124,
  48,70,137,38,130,119,102,216,101,88,130,15,70,246,225,230,126,231,126,223,
  249,206,57,247,206,210,126,73,124,81,20,42,228,152,34,42,177,168,200,245,230,
  0,23,75,194,31,71,231,238,60,120,58,228,7,197,108,175,139,119,87,95,127,95,
  221,117,130,12,49,128,103,251,72,11,157,36,173,211,147,46,222,181,209,233,83,
  108,63,201,147,233,83,147,61,232,90,197,255,206,102,128,192,30,177,209,144,
  173,125,251,63,106,25,16,201,202,52,240,191,100,98,128,154,70,43,221,29,220,
  132,188,12,120,54,203,229,232,166,187,48,224,57,156,199,57,177,30,23,79,173,
  214,192,99,238,10,222,44,87,129,224,52,252,16,9,56,59,101,61,68,6,23,49,70,
  85,223,94,29,195,31,12,182,188,157,150,22,179,39,242,156,168,135,114,162,113,
  198,137,186,211,8,155,164,0,133,77,78,207,206,155,38,1,48,72,178,135,205,231,
  254,245,87,207,236,122,135,180,3,127,155,70,206,192,117,95,86,96,249,73,252,
  13,56,3,11,217,146,143,86,37,216,244,53,64,96,211,241,123,150,41,11,114,217,
  137,45,188,95,160,170,175,97,194,41,210,138,44,209,124,254,218,200,84,128,
  247,9,164,51,114,108,11,239,93,27,89,164,249,224,90,213,249,0,239,201,112,4,
  34,52,227,114,122,111,165,131,138,128,132,48,82,12,36,234,72,141,32,77,231,
  220,181,245,137,78,248,195,242,242,114,160,168,123,242,248,231,15,74,121,66,
  200,13,61,177,158,107,112,4,252,222,226,29,232,58,148,230,137,116,176,78,67,
  17,29,37,235,144,168,161,68,4,73,42,231,171,173,46,223,89,34,86,148,71,36,1,
  142,90,146,174,171,223,45,93,166,54,72,173,11,153,212,111,118,29,78,167,86,
  214,167,174,227,130,142,212,37,85,237,70,170,45,109,208,253,203,159,27,27,72,
  25,131,163,221,153,218,183,209,65,73,67,81,25,233,120,141,160,186,36,138,8,
  156,187,188,118,71,45,28,182,184,7,231,47,141,188,215,75,154,100,158,8,141,
  81,120,152,36,188,49,103,13,83,160,131,73,21,133,37,100,68,80,52,140,146,120,
  163,114,180,41,222,83,169,238,145,170,224,105,43,69,207,124,255,204,244,78,
  156,193,23,42,165,131,6,110,67,71,134,128,18,120,35,33,73,227,188,229,45,198,
  126,69,84,213,237,112,210,18,28,25,190,50,125,217,159,22,40,17,20,73,152,173,
  227,18,101,1,105,10,231,125,201,120,181,61,37,11,21,10,252,204,110,124,248,
  183,197,113,91,128,27,143,170,40,38,163,176,128,100,213,236,73,140,225,198,
  207,90,188,190,174,233,254,91,204,70,60,29,243,62,176,120,199,187,51,60,187,
  98,89,67,177,4,18,101,164,200,72,77,226,2,42,159,223,81,43,75,74,12,94,176,4,
  163,99,67,223,28,122,28,11,72,83,32,170,72,149,144,170,33,33,138,148,48,10,
  43,78,193,57,251,249,204,31,88,58,150,17,224,249,41,81,179,63,67,70,177,36,
  138,166,5,138,92,41,195,15,109,193,213,119,47,253,85,156,17,56,74,138,226,
  215,177,198,97,204,18,204,244,141,204,221,120,217,20,224,123,179,63,250,9,
  251,27,144,232,96,66,206,158,169,207,154,105,180,202,154,170,157,97,252,212,
  226,130,117,13,131,164,121,213,217,23,103,56,47,206,30,195,76,215,228,205,21,
  5,79,72,87,40,186,208,123,247,245,130,145,170,187,247,202,130,73,235,247,83,
  217,67,187,251,167,126,231,119,223,41,227,220,248,239,46,130,87,130,85,241,
  74,177,219,224,27,99,230,95,95,209,144,103,107,33,109,158,82,180,121,106,174,
  20,107,54,48,127,209,60,151,24,112,237,108,128,29,248,53,15,18,69,4,242,98,
  202,197,159,41,56,192,226,45,201,158,153,245,192,5,247,118,23,200,141,7,129,
  135,243,189,146,106,78,182,53,180,238,211,75,5,248,24,14,249,157,33,17,6,112,
  8,58,67,97,232,195,161,124,103,72,130,158,56,3,70,124,92,78,211,222,134,166,
  253,48,39,158,15,110,114,28,211,220,145,210,235,74,82,70,107,135,209,10,221,
  113,31,248,2,112,238,214,22,77,135,20,230,127,66,114,57,237,173,77,123,117,
  232,138,123,193,167,5,156,171,179,17,111,253,96,226,5,206,83,223,156,106,75,
  180,224,163,26,26,124,140,143,154,26,225,64,188,166,0,124,89,96,165,45,233,
  72,117,54,180,105,245,58,156,85,112,116,157,217,173,226,154,60,71,65,111,61,
  138,225,249,12,28,125,4,195,115,25,120,198,132,163,25,248,109,33,134,247,233,
  12,185,16,151,112,1,151,176,175,17,222,127,24,239,87,42,157,227,254,1,52,176,
  175,103>>
--------------------------------------------------------------------------------

================================================================================
2020-12-13T04:01:18+00441 : upstream message of 862 bytes
--------------------------------------------------------------------------------
<<48,219,6,0,35,47,97,112,47,79,112,101,110,95,65,80,95,50,49,80,49,48,67,54,
  57,55,49,55,57,53,49,47,111,112,101,110,115,121,110,99,120,156,117,82,93,72,
  20,65,28,223,189,59,189,185,189,243,220,27,15,154,178,224,144,202,165,50,119,
  215,243,246,110,34,68,37,20,9,10,53,242,177,245,118,77,41,63,207,175,122,178,
  210,135,202,71,63,16,139,132,36,52,202,180,140,44,133,132,44,164,160,34,37,
  123,176,52,51,34,138,232,251,197,7,155,219,243,174,189,19,247,97,152,223,111,
  127,31,127,102,134,177,139,194,97,129,207,245,248,36,65,242,101,10,80,6,6,
  150,66,131,221,203,11,31,247,166,216,192,118,246,155,33,255,246,202,190,146,
  30,90,67,75,86,61,154,176,233,209,205,40,229,84,148,242,111,24,241,20,60,5,
  40,82,209,125,239,83,176,130,5,241,236,87,23,199,240,116,126,127,111,86,73,
  31,173,49,43,12,103,137,102,158,36,114,128,55,232,153,49,23,103,143,102,254,
  48,28,203,27,245,76,151,145,51,71,114,72,117,0,24,73,117,203,160,86,157,8,58,
  105,118,60,149,51,228,95,35,255,47,209,33,226,139,141,163,163,136,51,214,24,
  162,45,53,134,248,28,107,121,1,34,4,79,165,60,164,201,153,210,232,122,232,76,
  211,25,135,234,199,30,63,246,201,88,240,224,76,5,151,121,161,165,248,192,193,
  35,69,30,81,242,161,193,213,213,213,68,215,212,226,232,179,215,199,56,138,
  223,19,107,144,60,216,199,175,55,60,111,153,158,184,184,67,51,236,36,6,117,
  205,32,134,27,168,53,221,210,255,224,24,93,40,56,172,91,136,228,113,84,202,
  101,131,118,101,87,66,87,182,139,113,72,60,230,51,176,164,98,65,193,94,55,
  246,43,208,84,84,46,55,161,87,154,183,117,242,199,219,143,233,196,27,31,236,
  136,213,170,164,99,70,211,157,159,252,25,214,9,140,163,212,143,221,100,212,
  82,44,248,177,236,198,162,23,90,139,242,179,143,166,9,185,217,110,145,71,35,
  154,101,190,237,126,239,184,113,131,104,37,56,126,104,132,115,147,191,195,
  209,210,250,232,82,232,208,69,167,229,53,168,129,122,52,172,25,159,182,158,
  109,223,184,64,140,20,116,61,10,207,78,206,39,244,172,250,66,199,35,50,14,
  217,131,221,114,176,73,33,23,199,99,191,4,173,197,234,201,134,64,102,158,135,
  207,149,208,93,45,97,188,229,78,219,184,157,36,116,210,41,188,118,199,178,
  130,85,30,203,100,35,98,81,133,150,236,26,181,89,18,188,222,28,52,170,57,198,
  22,87,126,61,8,57,56,74,28,48,50,201,150,185,171,53,251,153,185,153,44,71,
  134,246,125,200,218,236,28,202,123,127,218,249,46,11,154,200,171,115,147,149,
  98,189,100,53,178,187,81,207,133,224,11,116,205,154,69,27,152,30,72,100,219,
  223,36,32,202,69,97,11,209,140,126,50,162,14,150,108,105,182,127,214,140,190,
  155,114,12,32,174,192,1,204,208,122,34,80,93,86,95,81,87,171,164,243,104,19,
  161,236,122,74,64,65,85,146,158,18,9,101,3,67,86,24,87,117,188,162,170,25,
  153,136,0,233,5,25,132,74,2,115,16,218,170,27,3,74,105,90,64,173,107,84,235,
  144,177,192,10,166,0,52,213,213,248,21,2,44,224,158,19,26,154,42,145,161,192,
  14,38,14,65,115,121,117,160,94,174,81,8,78,2,143,157,154,57,173,49,208,84,81,
  239,47,87,16,93,200,128,17,162,175,170,68,29,5,133,206,245,130,89,137,176,
  235,58,231,183,23,38,232,70,109,223,70,224,173,8,28,222,74,224,141,8,236,15,
  194,225,8,124,153,76,224,50,19,17,39,147,17,110,147,17,106,43,209,242,22,178,
  95,27,127,17,254,3,62,182,157,126>>
--------------------------------------------------------------------------------

================================================================================
2020-12-13T04:02:18+00501 : upstream message of 892 bytes
--------------------------------------------------------------------------------
<<48,249,6,0,35,47,97,112,47,79,112,101,110,95,65,80,95,50,49,80,49,48,67,54,
  57,55,49,55,57,53,49,47,111,112,101,110,115,121,110,99,120,156,125,83,93,104,
  19,89,24,157,201,164,230,102,18,155,201,109,31,174,91,127,74,182,184,65,169,
  222,153,38,153,244,130,148,182,15,150,176,176,107,187,160,175,211,204,104,
  203,218,180,77,210,86,223,178,186,245,31,20,177,160,160,34,234,131,178,139,
  91,109,161,133,22,141,168,32,11,138,187,184,248,226,110,221,181,82,104,43,
  244,65,150,69,45,245,155,73,51,228,7,247,229,206,61,231,59,223,119,206,189,
  51,35,86,42,242,183,50,109,141,52,170,178,218,24,150,177,134,28,18,71,142,47,
  206,205,188,217,22,240,162,58,105,198,211,118,246,89,211,158,11,188,133,14,
  21,161,123,69,232,116,17,186,80,132,50,121,68,57,124,16,113,96,241,254,228,
  130,105,33,161,53,210,249,218,32,162,124,219,209,165,150,61,87,120,139,89,
  246,150,50,15,125,65,87,49,115,49,16,244,81,71,33,243,175,24,172,162,66,33,
  115,211,1,115,242,26,176,78,33,1,172,255,89,158,55,173,125,104,132,151,94,
  111,14,242,109,199,160,126,145,207,17,175,196,18,226,167,82,226,214,151,37,
  196,91,111,9,49,227,178,9,202,5,238,242,224,202,231,15,188,85,244,171,148,
  209,6,166,26,76,214,89,52,196,244,48,118,118,116,105,67,228,209,202,202,138,
  175,246,88,118,126,233,205,246,32,71,47,241,129,175,202,197,26,230,86,133,71,
  178,11,255,39,140,218,194,225,236,91,91,72,69,127,56,202,26,35,172,129,178,
  72,148,133,67,76,161,216,253,181,54,144,236,54,18,105,131,220,180,58,158,76,
  45,61,125,233,181,58,130,92,32,119,107,31,115,249,21,209,175,69,88,72,99,26,
  120,196,89,132,178,184,138,61,223,25,251,7,82,225,157,17,218,170,146,113,107,
  196,84,246,135,171,83,149,48,98,196,50,53,226,76,211,153,65,153,6,27,133,41,
  6,118,55,247,25,7,84,57,26,109,33,99,86,199,228,149,95,207,172,118,128,233,
  37,135,245,153,44,231,92,183,148,157,47,174,175,222,218,111,86,243,241,76,
  246,189,117,198,53,129,205,229,90,3,238,226,247,220,237,102,238,231,117,178,
  232,239,140,179,144,206,246,118,50,57,110,158,71,137,98,79,71,91,243,238,122,
  185,181,57,164,80,50,106,181,100,30,28,157,156,18,62,51,90,167,246,232,31,51,
  15,62,31,65,87,64,151,139,58,114,216,142,160,150,71,232,196,254,130,8,245,59,
  7,140,84,58,31,228,240,135,137,92,144,32,167,220,21,196,26,247,166,225,133,
  93,147,27,255,104,242,47,194,99,120,225,239,166,117,253,59,196,23,215,250,
  254,108,194,78,248,145,35,176,114,18,131,85,144,182,146,233,191,204,159,186,
  246,12,218,82,35,154,85,65,52,171,230,42,72,230,11,190,124,98,22,234,138,23,
  61,190,225,147,222,205,175,37,92,45,199,220,32,25,159,19,200,57,9,182,188,
  116,253,185,139,252,231,108,113,160,138,152,31,185,176,231,251,84,239,222,
  116,119,178,95,223,78,73,53,80,149,133,148,76,76,85,85,33,165,16,103,204,139,
  110,121,112,69,98,95,119,226,0,32,63,34,133,130,6,34,196,170,208,11,140,189,
  189,131,41,189,179,62,101,36,7,141,36,144,30,244,16,97,103,178,47,174,3,240,
  162,49,30,87,12,36,19,251,116,226,136,185,209,68,53,118,12,245,192,182,18,77,
  127,131,93,93,189,169,180,214,7,165,118,17,221,134,82,162,135,156,139,181,87,
  163,71,213,214,216,250,193,212,80,119,58,222,165,147,231,42,176,101,102,47,
  235,218,215,22,100,60,181,1,224,47,54,28,93,15,240,103,27,94,55,225,168,13,
  159,213,0,156,21,109,113,13,68,184,3,17,250,123,200,236,23,176,95,77,250,10,
  127,2,144,203,163,246>>
--------------------------------------------------------------------------------

================================================================================
2020-12-13T04:03:01+00544 : upstream message of 2 bytes
--------------------------------------------------------------------------------
<<192,0>>
--------------------------------------------------------------------------------

================================================================================
2020-12-13T04:03:01+00544 : downstream message of 2 bytes
--------------------------------------------------------------------------------
<<208,0>>
--------------------------------------------------------------------------------

================================================================================
2020-12-13T04:03:18+00561 : upstream message of 889 bytes
--------------------------------------------------------------------------------
<<48,246,6,0,35,47,97,112,47,79,112,101,110,95,65,80,95,50,49,80,49,48,67,54,
  57,55,49,55,57,53,49,47,111,112,101,110,115,121,110,99,120,156,117,83,81,104,
  20,87,20,157,217,217,184,111,103,55,187,51,47,249,120,53,138,233,214,150,169,
  146,250,102,220,236,108,30,72,136,129,186,44,148,74,20,244,163,63,179,59,19,
  179,104,178,155,157,77,98,255,68,63,84,16,244,35,10,74,196,168,41,148,54,109,
  181,70,42,36,202,98,149,246,67,208,154,64,160,88,141,54,85,196,42,40,88,252,
  75,239,204,38,195,110,130,243,241,120,231,220,115,239,57,111,102,158,24,209,
  212,237,42,237,76,180,233,170,222,214,170,98,3,249,36,142,60,47,191,120,244,
  207,103,177,48,90,47,253,38,166,222,140,117,238,62,205,187,232,223,26,116,33,
  88,141,70,107,106,215,106,208,223,75,74,202,225,175,17,7,22,51,115,175,28,11,
  9,173,146,38,214,41,136,242,169,199,183,62,223,61,202,187,204,59,17,24,95,53,
  51,45,43,81,42,84,51,167,62,84,34,181,154,163,245,203,231,220,141,42,129,69,
  230,156,99,109,35,1,172,111,220,119,173,163,232,36,47,141,124,172,240,169,
  121,168,143,240,21,226,101,88,241,213,16,87,2,203,20,119,63,90,70,60,21,151,
  181,92,12,122,10,202,197,206,250,220,3,255,89,57,240,6,81,214,41,163,155,153,
  110,49,213,100,201,56,203,154,216,191,163,199,24,34,247,23,22,22,162,205,135,
  203,111,79,61,221,164,112,116,85,236,147,149,90,11,115,228,15,87,119,168,252,
  223,146,78,21,229,76,150,197,77,214,157,97,106,150,25,113,166,37,113,104,71,
  170,99,87,139,218,217,17,215,40,185,236,182,28,56,84,158,158,20,222,51,218,
  164,222,232,35,229,119,239,143,96,106,158,238,196,175,94,4,125,101,132,12,
  150,171,34,180,108,27,176,236,146,23,228,250,76,37,136,194,197,42,31,101,241,
  245,104,162,108,36,88,220,112,38,152,89,150,160,44,171,227,208,78,107,223,
  128,221,186,45,65,59,117,114,213,157,48,57,247,228,198,100,4,38,156,228,99,
  84,148,45,176,52,153,69,153,1,27,141,105,22,14,118,20,172,253,186,154,76,110,
  37,19,110,199,181,242,247,63,44,118,128,233,65,30,92,249,37,215,36,164,183,
  106,211,171,144,30,62,202,23,249,76,110,159,149,202,151,236,66,190,68,190,
  171,120,143,142,140,79,57,233,207,243,177,54,81,166,148,169,173,44,97,178,
  132,206,204,36,179,52,44,219,3,125,5,203,216,91,52,204,92,222,206,15,148,122,
  200,184,219,57,62,252,240,209,244,107,63,180,126,3,33,180,219,130,216,20,252,
  244,171,227,55,223,42,15,218,229,51,167,157,231,113,251,7,253,91,196,217,139,
  133,191,218,177,31,46,163,14,43,39,49,88,5,105,35,57,119,197,185,152,205,119,
  208,134,38,209,169,10,162,83,117,86,65,114,127,237,135,207,160,174,133,209,
  239,223,70,165,169,39,245,132,107,230,88,16,36,19,207,4,50,44,193,150,151,
  198,102,2,228,64,221,86,31,170,75,203,40,128,67,123,237,124,119,41,87,236,55,
  55,81,210,152,14,163,31,67,184,174,111,79,174,111,63,113,4,13,213,2,141,248,
  129,34,213,212,102,160,26,208,44,198,225,252,160,109,102,90,108,171,56,104,
  21,137,144,14,161,91,8,251,139,133,172,9,64,70,145,234,38,21,168,32,250,165,
  17,251,134,122,137,47,29,65,83,95,226,64,79,222,46,25,5,19,112,3,186,221,232,
  206,107,25,180,135,114,165,108,143,73,248,46,17,93,6,125,95,47,25,78,119,53,
  174,20,204,232,192,174,136,241,96,125,87,125,213,129,142,173,5,248,147,7,47,
  173,1,56,238,193,49,7,94,242,224,189,38,128,243,162,39,110,130,8,63,67,132,
  254,94,50,191,26,246,139,241,231,240,255,62,157,154,183>>
--------------------------------------------------------------------------------

================================================================================
2020-12-13T04:04:18+00621 : upstream message of 1222 bytes
--------------------------------------------------------------------------------
<<48,195,9,0,35,47,97,112,47,79,112,101,110,95,65,80,95,50,49,80,49,48,67,54,
  57,55,49,55,57,53,49,47,111,112,101,110,115,121,110,99,120,156,229,152,109,
  104,220,116,28,199,147,220,211,255,146,187,107,46,237,139,104,117,148,82,71,
  24,214,38,89,123,105,255,111,74,87,180,229,16,212,118,178,189,244,122,201,
  214,226,250,176,94,159,20,95,28,204,181,167,214,110,66,11,173,91,109,139,149,
  109,34,123,106,157,131,202,156,178,129,162,130,140,186,34,214,173,211,186,33,
  27,136,190,17,65,56,127,73,238,33,119,103,97,155,98,137,222,139,240,255,252,
  30,191,191,255,37,151,63,71,7,100,233,105,73,108,12,213,41,146,82,87,35,113,
  17,68,177,4,255,249,196,207,215,127,124,172,220,135,42,216,239,189,205,203,
  191,63,177,123,138,52,232,39,147,38,77,58,68,91,105,44,199,119,38,39,111,21,
  165,124,34,193,189,128,8,104,113,249,253,95,245,22,44,114,179,55,183,8,72,36,
  155,175,76,133,119,207,144,134,229,56,35,120,115,45,43,65,193,147,178,204,
  154,150,235,101,2,35,82,86,75,130,17,130,162,195,106,249,33,155,53,163,183,
  78,250,161,55,201,127,105,246,14,32,146,77,144,66,105,243,85,51,35,0,179,31,
  38,5,202,224,25,157,29,236,161,52,27,126,103,150,231,116,118,233,241,206,44,
  131,6,74,96,178,241,158,172,223,96,148,199,222,60,166,117,118,101,153,209,
  153,201,214,39,117,46,206,242,223,211,171,239,208,81,74,8,192,14,109,134,226,
  217,251,83,60,70,9,238,205,85,12,76,102,253,119,165,216,99,47,197,195,118,
  216,99,202,170,120,196,14,123,92,168,152,178,153,98,218,94,138,143,80,2,43,
  58,239,69,49,84,116,103,43,254,251,138,223,184,231,61,254,11,197,206,13,20,
  195,27,240,55,22,68,101,222,128,62,164,66,126,243,42,120,143,232,47,234,246,
  28,218,151,166,163,58,245,228,80,95,14,13,165,105,90,167,151,44,62,63,138,
  147,22,167,31,189,76,90,188,69,104,130,100,95,167,4,75,248,20,153,163,97,115,
  245,249,81,162,64,238,107,182,145,235,71,163,5,234,95,181,171,122,63,58,76,
  178,99,185,195,36,254,75,195,12,231,15,51,102,145,97,183,97,224,33,161,54,24,
  198,143,166,237,61,27,60,66,206,187,155,173,8,205,233,152,218,10,91,222,149,
  240,136,249,238,115,216,34,244,142,97,40,54,12,111,218,113,250,130,223,250,
  255,213,244,35,255,220,244,112,242,136,193,193,131,224,47,28,51,14,30,70,253,
  47,42,160,254,186,165,225,164,63,207,144,116,231,25,46,149,231,25,226,249,41,
  139,110,80,97,26,68,162,252,35,18,206,100,112,220,49,255,207,168,162,131,90,
  20,135,162,184,46,130,165,16,174,81,241,158,90,206,187,243,241,39,159,109,13,
  201,74,29,127,34,153,76,22,149,157,159,255,248,212,202,115,2,33,62,154,159,
  160,132,112,157,104,77,120,215,72,56,247,201,242,236,232,35,70,194,86,72,208,
  82,9,114,186,3,145,138,187,250,118,166,112,94,156,89,56,29,247,245,197,116,
  61,129,40,55,183,237,27,243,188,38,211,193,72,8,87,71,112,164,26,171,32,76,
  196,81,133,99,118,106,251,250,99,53,77,33,177,81,225,207,25,21,150,46,190,
  245,237,82,0,42,76,144,229,162,49,67,68,197,154,136,35,176,144,177,172,113,
  222,134,30,109,72,145,106,107,119,240,139,230,208,179,183,62,75,101,64,211,
  105,202,248,143,102,213,236,186,141,14,42,34,22,183,99,69,195,146,138,107,
  171,113,84,229,156,173,237,145,65,254,138,145,124,48,254,221,194,205,42,72,
  118,235,131,229,199,106,48,152,25,55,28,191,150,142,147,232,96,91,20,87,195,
  254,180,97,41,170,207,35,215,114,76,107,115,195,174,74,169,177,161,90,22,249,
  179,70,74,252,192,228,47,75,142,13,74,171,98,166,244,43,241,181,141,37,168,
  114,38,110,252,64,70,130,82,40,161,141,11,90,36,84,54,245,107,177,190,140,
  144,99,119,76,33,2,33,95,112,208,165,94,194,248,172,213,7,239,60,115,126,203,
  193,219,55,234,31,40,57,217,116,227,197,146,107,245,156,19,238,58,5,174,4,
  139,225,234,96,43,249,228,136,126,7,150,37,188,219,74,105,221,235,160,117,
  175,126,117,176,250,23,60,183,112,27,252,178,15,125,122,188,136,157,255,195,
  207,19,101,4,246,66,200,226,45,7,63,206,194,146,100,231,151,61,124,194,181,
  131,66,174,112,16,121,56,230,249,88,247,158,190,142,222,253,106,149,200,23,
  131,137,183,154,182,243,206,176,15,157,100,56,87,215,222,142,174,33,160,32,
  42,182,6,200,188,35,92,140,86,56,206,215,61,16,83,219,42,99,90,239,128,214,
  11,70,6,93,66,156,179,183,39,170,2,4,81,192,154,36,129,201,135,22,72,206,213,
  223,219,181,87,229,169,176,23,125,80,194,81,131,157,176,12,160,15,159,226,60,
  237,221,177,190,72,15,184,90,104,116,6,92,93,157,252,120,184,165,4,93,46,49,
  58,85,14,196,6,59,250,162,237,42,191,172,128,181,160,255,106,69,139,223,34,
  123,244,97,192,83,25,60,253,16,224,123,25,156,215,241,116,6,191,42,5,92,167,
  51,193,165,32,225,44,72,216,223,201,175,63,8,235,148,210,53,238,79,124,187,
  228,120>>
--------------------------------------------------------------------------------

================================================================================
2020-12-13T04:05:18+00681 : upstream message of 1098 bytes
--------------------------------------------------------------------------------
<<48,199,8,0,35,47,97,112,47,79,112,101,110,95,65,80,95,50,49,80,49,48,67,54,
  57,55,49,55,57,53,49,47,111,112,101,110,115,121,110,99,120,156,229,84,93,108,
  20,85,24,157,153,237,207,221,217,181,157,29,246,225,106,197,52,77,197,13,113,
  237,204,116,119,103,246,70,82,75,99,218,108,36,154,86,35,143,110,103,182,182,
  209,254,208,45,45,241,169,210,208,150,218,6,52,69,74,163,168,64,212,98,3,91,
  132,160,1,181,9,96,196,68,83,145,100,125,160,2,90,235,79,34,36,26,241,5,83,
  191,185,179,59,206,238,166,241,5,225,193,151,201,61,231,158,115,207,119,191,
  123,231,242,101,138,252,132,44,53,68,162,170,172,70,195,178,56,227,70,156,
  192,226,153,95,126,187,252,195,67,85,101,168,90,24,231,2,92,211,177,47,99,
  155,247,177,128,3,194,110,54,224,162,120,218,196,15,10,187,216,127,230,189,
  72,130,121,138,166,76,20,202,65,90,22,81,229,195,57,232,17,88,39,171,52,83,
  71,185,0,251,127,73,125,233,214,167,78,253,123,234,43,119,36,245,229,59,146,
  58,204,101,82,166,236,84,199,157,254,175,82,119,22,254,57,57,169,128,217,91,
  159,186,163,176,195,183,33,245,213,219,157,42,49,98,28,158,42,6,167,172,167,
  202,11,69,172,160,166,15,179,198,106,225,45,55,69,251,44,52,150,131,254,66,
  78,116,35,7,165,179,8,34,146,200,5,17,195,55,255,48,35,202,209,30,86,216,95,
  13,27,153,189,182,105,243,107,172,69,44,121,97,167,78,98,168,36,79,49,253,64,
  158,226,39,62,79,49,87,108,19,16,218,135,24,8,61,60,118,195,12,21,80,137,48,
  114,95,0,73,108,211,73,16,188,193,82,230,103,62,224,150,56,39,179,232,11,120,
  51,204,155,22,243,197,218,124,230,166,23,214,177,25,15,48,98,6,72,76,213,5,
  14,98,89,252,249,40,141,173,225,125,106,136,132,226,36,30,34,134,78,34,18,
  209,85,209,253,100,226,249,173,201,136,212,160,226,143,87,86,86,202,43,7,15,
  142,142,124,84,22,96,36,143,105,72,232,36,110,144,132,68,226,48,80,136,162,
  139,238,250,158,196,54,85,214,180,141,248,19,106,24,249,254,211,111,78,89,
  134,117,188,47,172,145,104,132,212,74,36,162,145,112,136,200,81,145,193,239,
  80,221,246,249,175,246,47,122,87,211,25,160,123,155,234,118,157,177,117,86,1,
  17,157,68,227,68,142,16,53,66,180,54,168,248,209,199,158,106,137,40,106,20,
  167,168,225,124,122,122,113,252,126,48,176,166,65,214,136,166,16,77,39,82,
  152,168,181,164,86,117,26,102,168,97,239,249,137,137,73,219,224,76,8,27,164,
  45,199,112,156,26,174,29,72,93,79,63,99,26,2,76,149,117,127,142,90,71,169,
  240,190,120,36,191,167,30,218,211,112,35,237,234,9,186,194,169,193,95,255,
  164,77,218,195,86,73,133,109,77,56,219,106,57,62,184,114,98,57,227,128,208,
  215,57,122,129,230,172,212,245,112,146,18,145,106,137,154,128,206,17,45,68,
  116,67,44,106,105,143,15,224,5,106,222,49,255,222,194,114,13,152,75,204,94,
  231,107,19,208,235,11,84,55,54,63,155,213,201,188,175,85,39,33,104,64,43,145,
  117,115,63,138,38,122,90,154,234,159,14,202,13,245,33,69,194,239,83,203,215,
  67,191,79,156,118,173,178,180,33,217,75,15,15,30,88,189,4,67,177,117,123,207,
  216,37,168,133,37,180,138,62,71,9,193,198,173,137,100,31,158,179,46,234,208,
  246,157,86,33,1,70,57,231,226,43,220,254,35,141,87,95,240,47,215,249,54,240,
  233,131,61,27,190,171,187,219,98,190,173,19,139,224,93,81,225,203,8,4,190,46,
  33,136,175,94,50,223,152,202,179,238,245,21,188,57,235,226,205,89,243,235,18,
  204,3,126,113,244,58,204,43,94,244,217,187,229,194,224,101,55,102,42,25,226,
  6,201,241,31,93,120,82,128,33,43,28,186,88,138,119,23,111,228,80,81,204,135,
  74,69,207,115,201,238,182,190,142,222,45,70,141,132,75,98,101,232,244,227,98,
  105,123,119,178,47,222,99,224,162,216,26,148,22,69,111,119,127,210,104,13,38,
  19,189,253,137,94,236,138,121,209,17,143,88,220,245,108,71,215,54,64,30,116,
  22,137,69,189,61,186,129,185,152,27,157,244,139,220,64,39,12,125,8,59,87,175,
  165,84,153,147,146,49,11,1,231,252,52,32,216,159,28,232,232,211,219,13,32,
  125,104,141,83,167,96,182,153,71,115,176,112,87,39,158,140,53,251,11,61,23,
  85,96,11,74,189,84,221,124,151,163,214,241,181,0,143,218,48,117,47,192,89,27,
  30,50,97,202,134,11,21,0,151,120,91,92,1,37,28,131,18,182,116,226,165,123,96,
  156,217,231,21,241,111,38,140,32,46>>
--------------------------------------------------------------------------------

================================================================================
2020-12-13T04:06:01+00724 : upstream message of 2 bytes
--------------------------------------------------------------------------------
<<192,0>>
--------------------------------------------------------------------------------

================================================================================
2020-12-13T04:06:01+00724 : downstream message of 2 bytes
--------------------------------------------------------------------------------
<<208,0>>
--------------------------------------------------------------------------------

================================================================================
2020-12-13T04:06:18+00741 : upstream message of 830 bytes
--------------------------------------------------------------------------------
<<48,187,6,0,35,47,97,112,47,79,112,101,110,95,65,80,95,50,49,80,49,48,67,54,
  57,55,49,55,57,53,49,47,111,112,101,110,115,121,110,99,120,156,117,147,91,72,
  20,81,24,199,103,118,86,61,59,234,238,204,201,135,73,203,100,145,24,12,245,
  204,184,238,232,121,17,245,193,101,31,42,181,200,7,95,118,119,198,20,243,182,
  235,173,183,5,217,132,48,20,82,48,232,193,208,7,137,40,237,66,82,66,23,177,
  164,7,145,16,131,144,86,188,36,165,15,17,36,8,145,157,25,117,221,117,241,229,
  240,253,127,231,127,190,239,127,14,51,172,85,150,46,75,168,220,89,172,72,74,
  113,161,4,61,192,196,81,66,255,155,157,240,70,158,61,5,100,115,97,224,26,30,
  189,88,115,143,54,212,90,102,180,250,103,141,86,119,242,162,213,131,24,231,
  236,161,19,81,48,0,24,50,34,188,176,171,143,176,129,33,154,123,149,45,154,92,
  161,153,202,154,251,244,62,248,203,138,32,6,252,52,139,116,12,232,203,62,6,
  122,82,143,129,165,196,72,83,50,244,38,160,200,208,221,111,198,80,14,36,114,
  119,207,137,0,153,92,183,136,97,132,54,200,100,170,104,69,76,52,153,227,197,
  36,68,71,147,141,204,227,100,151,21,45,177,228,171,141,116,62,36,136,178,127,
  50,69,207,206,97,121,5,97,84,128,21,13,75,42,46,114,96,159,10,205,213,245,
  158,46,225,243,222,222,158,45,107,243,221,175,173,239,249,34,133,18,237,231,
  227,189,26,164,14,124,189,193,213,237,3,159,196,242,94,31,118,168,184,206,
  139,37,31,246,56,176,92,4,147,171,93,165,215,114,165,242,82,135,140,132,73,
  227,72,112,102,252,225,52,115,66,107,21,69,90,223,14,174,111,159,24,65,149,
  35,190,193,158,72,4,37,62,130,23,242,81,17,114,43,58,180,64,123,124,144,11,
  44,47,251,112,161,19,171,100,117,96,111,29,118,32,104,46,173,190,90,45,140,
  25,222,225,208,210,206,104,47,173,155,69,202,190,255,241,4,195,198,91,202,44,
  239,113,98,135,71,31,71,142,59,17,246,41,48,249,138,118,163,35,80,88,225,68,
  229,138,240,194,104,241,122,100,126,112,218,74,58,12,209,118,196,242,26,201,
  167,98,13,97,15,41,100,44,107,208,82,218,170,117,43,82,81,81,153,240,204,56,
  49,181,50,208,115,112,66,164,228,121,134,205,176,108,87,78,101,134,182,126,
  148,240,161,45,189,90,43,57,93,219,255,254,143,88,27,46,129,102,242,211,40,
  100,165,56,76,86,134,203,23,62,78,234,63,80,86,144,205,201,96,245,93,134,213,
  119,245,149,225,244,11,172,46,255,38,251,114,10,152,27,183,113,203,179,22,
  129,202,162,176,133,88,158,111,50,194,32,71,74,154,27,91,76,18,6,18,202,76,
  128,113,91,193,244,37,152,84,223,18,104,247,180,170,66,162,251,20,248,2,97,
  74,75,103,64,245,230,6,52,127,167,230,23,24,183,5,188,76,131,166,174,38,193,
  228,78,1,143,147,97,66,243,245,134,230,110,129,38,238,217,52,195,157,219,25,
  232,106,104,247,213,171,4,66,240,54,29,38,55,118,181,248,27,53,127,126,1,46,
  32,140,7,182,35,36,97,100,216,122,107,142,152,108,48,30,36,17,20,104,169,107,
  111,240,183,169,249,251,182,15,5,71,54,164,219,170,88,48,73,242,52,55,9,131,
  238,170,180,248,8,139,10,161,113,215,88,206,174,74,141,10,223,119,150,200,39,
  17,57,113,134,200,71,17,57,166,203,137,136,92,200,32,114,157,141,152,51,72,
  132,167,36,66,91,147,176,158,78,234,131,231,89,129,255,1,28,39,120,15>>
--------------------------------------------------------------------------------

================================================================================
2020-12-13T04:07:18+00801 : upstream message of 836 bytes
--------------------------------------------------------------------------------
<<48,193,6,0,35,47,97,112,47,79,112,101,110,95,65,80,95,50,49,80,49,48,67,54,
  57,55,49,55,57,53,49,47,111,112,101,110,115,121,110,99,120,156,117,83,75,76,
  19,65,24,222,237,34,76,183,165,221,29,57,140,34,132,212,71,54,154,202,236,90,
  186,48,198,16,228,32,233,69,1,141,92,219,238,34,68,203,163,139,160,55,14,34,
  241,25,31,24,53,209,96,34,24,15,70,91,193,104,34,137,70,163,162,94,20,17,19,
  163,145,248,136,7,141,55,223,49,56,59,212,82,219,176,135,201,124,223,255,125,
  255,247,101,179,43,122,52,117,147,138,107,131,85,186,170,87,85,168,48,12,28,
  18,135,62,31,255,245,230,195,106,159,27,44,147,222,249,235,190,126,175,111,
  58,205,51,212,95,154,137,46,120,50,81,226,63,229,141,146,76,244,179,48,133,
  48,7,45,32,208,136,241,225,63,118,132,23,156,224,165,63,203,21,190,238,203,
  201,45,77,103,248,89,226,64,97,22,113,52,47,139,56,181,52,139,248,237,206,34,
  38,4,69,72,17,52,116,55,224,104,232,167,17,22,42,129,124,233,236,18,197,139,
  29,117,63,168,224,28,207,152,62,151,2,48,159,201,60,151,179,153,175,37,138,
  231,127,87,111,142,235,177,172,184,177,192,152,65,26,237,123,228,96,217,47,
  103,179,87,138,178,142,9,94,67,116,147,168,6,169,12,144,168,1,243,26,91,194,
  61,104,98,102,102,198,91,214,127,123,124,223,199,114,133,195,249,190,21,185,
  90,19,114,232,89,74,247,240,159,78,21,229,72,148,4,12,210,28,33,106,148,132,
  3,68,171,132,174,198,186,154,173,126,181,182,38,160,97,148,100,150,163,135,
  142,60,24,19,230,89,109,224,244,234,190,222,91,243,87,48,180,180,110,224,110,
  186,130,158,91,33,2,229,140,10,254,13,59,77,171,11,37,152,177,247,238,177,59,
  169,34,171,68,89,139,146,138,32,49,232,25,32,145,102,18,192,48,175,166,113,
  75,35,26,98,218,83,125,83,223,206,247,243,182,88,225,124,179,31,207,231,217,
  119,169,137,114,56,72,2,97,59,142,218,131,152,68,117,232,218,108,238,216,105,
  85,108,8,226,90,29,93,99,43,110,246,238,79,142,121,232,134,19,188,15,139,178,
  73,251,25,196,196,36,76,47,26,209,76,232,172,233,48,119,233,106,101,229,122,
  52,194,28,143,166,39,6,83,14,133,211,222,10,98,177,179,153,61,83,213,114,195,
  141,210,190,79,245,211,213,139,58,215,137,47,206,119,188,174,134,121,244,167,
  169,162,39,39,173,165,167,32,249,209,240,94,251,7,42,27,19,87,22,139,246,84,
  16,237,169,125,10,18,251,250,147,223,232,124,158,225,97,102,214,220,96,252,
  162,87,218,243,212,137,184,50,142,56,169,100,244,163,128,6,36,122,229,165,
  161,201,2,116,100,193,122,7,16,66,30,48,182,17,22,180,180,91,93,225,14,3,229,
  135,22,130,23,16,186,219,187,45,35,226,183,204,120,183,25,71,142,144,19,92,
  47,130,142,158,24,189,202,160,0,186,182,91,237,205,93,173,241,78,163,28,35,
  158,90,238,21,49,139,191,219,234,105,237,138,182,24,148,132,160,191,137,10,
  123,218,227,219,205,120,185,70,108,161,19,140,210,53,86,140,141,239,175,153,
  27,99,54,150,129,119,142,82,25,229,6,9,23,92,208,182,173,181,109,23,226,26,
  68,144,164,254,182,24,26,8,53,20,229,134,78,234,148,205,105,255,106,89,67,33,
  184,156,222,114,176,132,194,43,105,152,88,66,225,165,52,28,178,225,92,228,
  147,98,10,223,139,105,113,49,173,112,149,86,232,140,161,247,139,233,61,245,
  86,166,225,95,71,198,124,25>>
--------------------------------------------------------------------------------

================================================================================
2020-12-13T04:08:18+00861 : upstream message of 926 bytes
--------------------------------------------------------------------------------
<<48,155,7,0,35,47,97,112,47,79,112,101,110,95,65,80,95,50,49,80,49,48,67,54,
  57,55,49,55,57,53,49,47,111,112,101,110,115,121,110,99,120,156,117,82,93,76,
  20,87,24,157,217,1,156,157,93,216,153,43,105,174,32,9,217,80,51,81,86,238,12,
  187,59,187,183,15,4,137,145,16,19,13,11,41,15,62,116,118,103,40,198,242,35,
  139,96,223,150,84,69,83,141,38,254,54,105,82,146,130,255,10,86,173,49,210,
  104,52,18,211,64,67,149,90,170,36,144,136,98,66,223,154,38,77,211,150,222,
  185,179,204,174,75,156,135,155,239,156,123,206,247,157,123,239,8,69,170,178,
  83,65,117,225,168,166,104,209,144,2,116,222,37,50,240,249,219,127,231,94,111,
  246,123,249,10,241,203,64,253,220,68,115,203,87,44,69,135,202,178,209,247,
  133,20,157,179,209,237,202,108,244,211,250,108,229,130,55,141,16,3,146,60,71,
  70,92,248,59,53,79,70,248,248,211,172,248,155,95,102,235,39,127,111,105,249,
  154,181,137,55,130,236,122,135,56,203,229,16,195,21,57,150,63,132,28,34,149,
  239,16,100,232,231,60,67,134,142,31,238,183,134,138,124,129,120,175,76,246,
  32,87,253,51,34,248,134,165,204,63,94,217,141,216,108,102,70,34,140,173,25,
  180,153,103,37,178,132,184,108,230,88,161,211,39,205,252,224,147,63,112,52,
  136,241,223,103,201,157,178,112,202,190,211,42,65,50,19,56,156,192,81,29,43,
  97,28,50,112,107,4,184,155,182,110,111,142,133,85,45,10,47,47,47,47,251,202,
  39,82,211,39,103,62,145,25,84,153,107,208,194,56,138,178,13,151,168,97,102,
  112,241,192,177,15,169,97,3,49,152,105,131,186,50,129,129,87,168,110,60,211,
  56,71,103,55,102,210,1,30,57,253,100,198,111,191,216,67,251,242,84,65,210,
  195,56,168,99,61,136,13,18,12,225,132,6,60,77,230,103,251,146,161,109,97,84,
  167,193,219,180,195,189,193,165,201,177,34,210,225,52,235,71,244,12,186,129,
  77,132,117,82,168,88,53,129,187,182,203,220,175,41,145,200,22,120,147,58,70,
  230,175,141,165,29,100,232,143,174,236,39,219,40,72,26,194,168,26,107,38,86,
  12,28,9,226,132,1,242,98,109,122,31,252,153,154,15,165,254,27,94,172,34,230,
  2,235,96,185,90,147,28,204,214,29,73,45,175,232,20,65,138,39,112,144,220,79,
  28,43,9,235,60,106,4,120,98,245,181,31,7,148,186,218,160,138,224,13,106,73,
  61,122,252,106,140,123,79,107,195,186,179,167,84,119,56,213,127,254,189,17,
  12,213,137,112,230,11,39,130,182,58,66,28,72,89,17,2,219,246,153,201,158,213,
  65,54,9,146,154,192,161,176,245,4,161,32,142,183,226,32,2,121,181,177,230,24,
  28,166,218,131,223,94,186,59,52,192,90,98,153,81,31,112,66,169,187,149,126,
  207,107,164,93,199,31,254,41,239,154,171,89,55,57,97,125,179,53,32,143,252,
  162,81,178,50,226,71,100,229,196,42,120,226,165,245,187,150,255,37,108,44,21,
  172,93,78,176,118,173,149,19,173,191,97,233,133,181,175,122,249,39,23,125,
  226,209,95,220,144,41,103,176,155,72,110,45,114,240,148,72,74,86,28,154,94,3,
  79,228,111,113,241,92,67,17,63,182,3,172,105,235,76,246,232,93,6,44,104,88,
  203,255,10,128,183,179,55,105,196,3,73,179,187,215,236,134,28,33,31,23,83,50,
  208,155,236,219,221,147,104,51,32,219,32,241,62,224,217,211,215,217,189,199,
  236,174,82,48,34,20,224,7,90,50,156,154,230,198,171,51,28,162,156,155,191,83,
  12,92,125,237,180,188,69,202,164,85,122,249,81,15,200,239,248,116,119,199,
  126,200,16,116,53,131,26,5,254,6,145,117,180,195,83,13,141,197,171,211,76,
  107,132,93,21,124,182,162,177,144,191,238,116,57,90,70,224,136,3,71,215,19,
  152,153,49,100,193,76,128,169,82,2,23,4,71,92,74,34,124,71,34,236,109,135,11,
  37,164,78,31,96,30,252,15,55,69,184,53>>
--------------------------------------------------------------------------------

================================================================================
2020-12-13T04:09:01+00904 : upstream message of 2 bytes
--------------------------------------------------------------------------------
<<192,0>>
--------------------------------------------------------------------------------

================================================================================
2020-12-13T04:09:01+00904 : downstream message of 2 bytes
--------------------------------------------------------------------------------
<<208,0>>
--------------------------------------------------------------------------------

================================================================================
2020-12-13T04:09:18+00921 : upstream message of 1184 bytes
--------------------------------------------------------------------------------
<<48,157,9,0,35,47,97,112,47,79,112,101,110,95,65,80,95,50,49,80,49,48,67,54,
  57,55,49,55,57,53,49,47,111,112,101,110,115,121,110,99,120,156,237,88,95,76,
  91,85,28,190,127,90,122,122,91,218,219,11,15,103,43,26,108,136,185,110,34,
  247,222,21,10,199,24,194,120,24,225,69,5,141,152,236,165,237,189,8,217,248,
  215,50,192,196,135,146,148,140,196,5,136,25,10,140,69,24,224,102,52,20,149,
  140,205,177,100,127,100,81,147,25,53,51,91,34,139,60,108,46,153,15,62,237,
  193,152,136,231,220,194,109,111,25,49,24,212,18,124,185,57,223,247,251,157,
  223,239,251,78,79,123,78,47,231,82,228,151,100,169,186,172,34,32,7,42,74,101,
  33,12,24,158,130,179,151,123,87,238,63,231,115,130,34,62,254,108,205,194,228,
  235,13,163,180,142,102,10,116,52,66,251,92,24,157,117,138,116,122,244,194,
  254,116,116,195,155,142,238,58,214,144,68,9,81,192,226,38,127,124,19,39,77,
  220,96,152,230,251,139,112,165,233,171,135,27,198,233,36,241,200,41,50,38,
  226,115,75,70,198,213,167,50,136,119,114,51,136,152,108,16,184,105,175,11,80,
  60,13,103,238,234,93,93,128,230,135,104,49,175,102,22,199,39,137,29,134,96,
  70,199,19,4,179,4,211,169,184,133,31,92,143,235,216,154,202,199,152,7,57,252,
  4,35,238,145,108,169,10,54,146,97,73,97,144,129,237,164,98,78,170,34,151,17,
  119,144,184,87,199,103,104,93,177,145,127,102,219,20,115,18,179,147,20,143,
  253,231,138,205,10,255,90,241,219,140,232,150,172,89,169,120,226,241,138,223,
  99,68,144,165,107,188,137,98,188,143,109,59,75,241,7,143,83,108,205,114,197,
  188,196,238,36,197,3,140,104,149,232,45,42,78,195,255,190,226,209,212,174,
  120,255,111,43,102,55,81,140,207,192,55,241,17,72,193,133,228,17,72,26,126,
  180,87,180,227,37,250,34,57,129,48,75,28,254,242,155,152,175,220,88,148,137,
  233,45,200,100,70,56,253,39,35,141,249,193,35,58,12,6,183,254,45,15,175,7,13,
  207,39,123,59,129,138,165,213,44,225,232,41,114,63,104,50,161,163,38,212,190,
  142,198,9,234,52,161,158,117,116,154,160,183,210,98,185,32,70,167,5,115,65,
  156,54,69,251,205,240,132,25,14,209,252,128,1,245,203,196,48,35,166,197,71,
  211,227,185,224,180,57,125,146,64,252,201,174,89,112,131,25,157,200,211,137,
  49,122,139,238,7,178,192,253,169,93,237,126,36,155,221,143,255,211,238,167,
  118,181,251,137,29,235,126,252,127,247,113,243,86,216,170,251,177,93,237,126,
  104,87,187,207,234,19,111,251,221,15,154,221,191,187,125,238,37,202,151,124,
  223,115,49,121,245,83,56,79,176,12,249,131,40,232,71,106,24,149,73,40,28,16,
  28,175,104,71,143,69,75,15,149,73,213,1,120,126,117,117,213,93,120,41,118,
  246,225,162,75,164,164,97,218,39,113,30,45,140,130,42,210,36,20,196,3,5,41,
  154,96,175,106,215,122,2,114,121,249,65,248,153,62,35,177,242,235,157,181,25,
  34,229,251,154,209,47,187,151,146,93,247,113,158,128,132,164,3,40,160,33,89,
  69,229,126,20,86,5,75,125,83,176,27,126,175,79,142,95,185,127,237,65,9,158,
  156,227,123,122,99,174,38,80,240,59,61,175,255,202,207,235,121,50,231,9,133,
  145,95,69,141,33,36,135,137,31,165,92,112,212,215,84,189,86,44,87,87,249,21,
  9,206,233,83,98,215,39,98,151,217,77,74,171,146,81,58,30,91,222,92,130,170,
  24,121,195,215,13,9,129,141,18,66,130,39,77,66,241,161,99,90,180,19,38,214,
  132,36,126,95,76,10,217,207,121,148,48,42,45,35,31,65,169,31,133,26,145,95,
  18,44,85,245,175,214,195,25,61,183,111,234,195,139,211,199,105,146,44,82,202,
  18,203,121,237,29,47,112,183,167,218,111,86,122,250,126,121,249,194,147,125,
  63,86,238,121,230,240,224,181,71,226,114,165,96,193,127,126,42,240,147,226,
  159,199,79,150,47,129,15,19,228,21,98,225,188,99,159,151,35,81,150,35,81,242,
  100,121,178,27,110,234,113,197,9,190,60,231,230,239,252,100,135,84,33,133,
  236,56,101,254,1,11,79,242,120,72,243,211,183,108,112,200,122,144,1,108,173,
  11,44,190,40,216,154,218,162,157,193,118,21,230,212,230,129,219,130,224,108,
  235,138,170,161,226,168,22,233,210,34,144,169,181,131,133,124,129,233,110,
  193,67,15,112,11,142,35,221,109,145,35,90,164,68,70,18,164,241,148,165,124,
  125,74,113,87,180,187,185,51,220,164,98,210,3,108,56,47,218,214,216,217,28,
  233,80,75,72,158,29,204,227,42,209,22,60,20,192,141,3,169,50,146,94,70,0,199,
  27,82,156,162,115,78,48,231,16,172,173,111,52,183,246,64,170,142,3,159,224,2,
  173,45,240,100,109,93,254,198,166,183,2,152,221,160,126,185,168,46,23,204,26,
  85,78,60,129,97,194,128,115,5,24,126,108,192,105,2,83,45,191,245,98,120,143,
  51,146,189,88,194,167,88,66,71,11,188,183,23,143,215,86,101,69,248,19,31,193,
  66,95>>
--------------------------------------------------------------------------------

