================================================================================
2020-12-15T09:27:53+00053 : upstream message of 28 bytes
--------------------------------------------------------------------------------
<<16,26,0,4,77,81,84,84,4,2,0,180,0,14,50,49,80,49,48,67,54,57,55,49,55,57,53,
  49>>
--------------------------------------------------------------------------------

================================================================================
2020-12-15T09:27:53+00053 : downstream message of 4 bytes
--------------------------------------------------------------------------------
<<32,2,0,0>>
--------------------------------------------------------------------------------

================================================================================
2020-12-15T09:30:44+00224 : upstream message of 1031 bytes
--------------------------------------------------------------------------------
<<48,132,8,0,35,47,97,112,47,79,112,101,110,95,65,80,95,50,49,80,49,48,67,54,
  57,55,49,55,57,53,49,47,111,112,101,110,115,121,110,99,120,156,117,84,109,
  104,27,101,28,191,203,75,247,228,154,52,151,39,179,187,81,208,80,124,57,43,
  153,119,151,203,93,242,87,168,89,25,43,117,48,77,86,220,135,129,92,238,46,38,
  108,109,99,211,54,250,173,91,25,43,210,49,10,150,161,172,168,91,63,116,56,
  100,182,22,162,245,67,171,195,21,101,176,141,130,47,48,156,8,22,177,195,15,
  58,212,193,90,159,123,154,102,169,157,95,158,252,95,126,191,223,243,187,255,
  255,46,92,147,34,191,36,75,29,90,82,151,245,100,92,198,47,34,23,207,8,243,
  139,215,230,127,217,211,218,132,30,231,239,73,162,183,243,167,251,232,240,59,
  44,205,47,237,22,217,250,252,66,248,65,238,39,249,156,187,154,73,12,62,136,
  220,68,172,178,33,22,68,19,44,255,143,151,160,43,227,190,195,231,216,141,194,
  82,93,33,224,20,78,161,45,253,233,93,181,62,17,236,70,12,17,252,97,150,10,
  242,168,129,159,68,34,146,216,206,5,2,152,100,105,229,246,99,98,64,114,213,
  87,238,120,197,134,173,152,202,46,177,177,134,145,152,214,175,93,84,247,175,
  25,170,251,12,23,82,76,136,107,96,145,83,133,108,14,84,9,123,82,153,238,140,
  112,97,125,125,61,24,57,61,114,107,237,247,49,86,100,164,134,86,153,11,101,
  77,80,45,200,101,65,54,193,80,65,73,224,198,76,103,234,149,168,220,145,82,21,
  73,248,152,114,134,191,188,55,51,234,163,148,54,46,164,75,32,197,64,183,65,
  182,32,161,130,105,97,79,38,111,148,133,27,20,123,98,248,189,187,51,113,138,
  125,114,59,214,198,140,112,147,226,70,135,223,255,127,156,165,212,112,19,35,
  53,156,190,221,110,22,135,234,236,70,247,15,218,165,1,97,230,191,166,31,114,
  129,68,46,216,52,124,190,122,129,200,180,158,117,147,97,178,194,242,28,29,
  230,179,92,200,54,65,51,33,105,128,172,129,174,65,34,135,125,135,246,29,232,
  206,104,138,158,172,78,231,206,236,226,137,239,219,136,0,235,76,71,146,28,
  111,217,24,24,54,88,54,216,113,236,237,60,184,183,35,37,124,187,225,106,100,
  252,221,157,20,43,113,33,85,133,156,13,177,44,196,117,72,56,164,154,120,92,
  17,166,41,126,124,229,179,145,185,111,60,148,65,158,63,103,16,11,96,26,160,
  39,193,50,32,151,196,161,3,131,71,237,72,164,84,180,141,163,118,255,158,55,
  123,123,170,139,190,126,109,109,237,239,167,40,49,74,108,41,160,72,14,69,85,
  192,210,32,38,99,84,44,228,251,202,5,51,47,124,72,241,11,75,247,63,53,41,156,
  60,118,210,4,217,134,100,220,121,141,244,24,36,148,170,51,69,86,100,225,18,
  197,175,253,60,91,89,101,55,9,245,115,138,147,13,233,245,115,170,80,194,143,
  31,220,122,123,42,87,35,168,160,83,121,91,131,100,142,76,160,74,208,181,125,
  154,112,145,18,142,255,113,253,215,171,116,176,100,51,41,250,57,222,190,66,
  23,163,112,33,67,3,213,112,222,1,34,161,73,96,234,184,241,144,125,108,176,20,
  223,175,73,29,186,112,153,42,204,15,31,159,28,117,198,61,65,36,148,138,155,
  107,241,61,125,228,204,23,119,197,63,219,67,244,247,200,74,251,238,213,151,
  43,143,158,252,237,70,59,246,144,191,143,231,200,233,230,21,114,50,252,11,
  194,242,87,206,117,145,51,108,91,11,231,116,221,156,211,117,78,134,119,236,
  44,210,190,226,71,75,211,65,126,234,35,36,48,17,6,124,164,249,201,138,91,152,
  230,73,200,242,83,203,59,132,239,92,123,93,168,185,203,135,78,133,177,139,
  108,136,233,10,163,243,97,236,239,27,42,69,135,74,229,194,128,153,183,104,
  241,42,166,69,43,27,45,217,253,67,118,63,41,250,209,10,135,189,189,175,21,
  122,223,32,153,15,141,18,137,215,123,104,120,154,132,101,39,124,4,221,244,
  225,166,114,209,120,181,52,88,44,30,43,152,70,239,0,41,55,161,179,207,227,29,
  249,190,210,128,81,180,40,227,45,194,40,57,140,70,116,50,140,61,102,143,69,
  146,52,183,233,107,169,43,189,115,187,177,49,141,84,183,57,251,252,137,116,
  160,206,218,66,11,145,169,122,91,109,38,113,213,220,101,156,110,126,152,187,
  49,62,29,220,98,111,57,72,72,85,127,87,2,105,255,3,131,231,2,255,2,190,121,
  197,177>>
--------------------------------------------------------------------------------

================================================================================
2020-12-15T09:30:54+00234 : upstream message of 2 bytes
--------------------------------------------------------------------------------
<<192,0>>
--------------------------------------------------------------------------------

================================================================================
2020-12-15T09:30:54+00234 : downstream message of 2 bytes
--------------------------------------------------------------------------------
<<208,0>>
--------------------------------------------------------------------------------

