================================================================================
2020-12-15T09:27:50+00050 : downstream message of 187 bytes
--------------------------------------------------------------------------------
{"method":"transact","params":["Open_vSwitch",{"op":"select","table":"AWLAN_Node","where":[],"columns":["manager_addr","sku_number","serial_number","model","firmware_version"]}],"id":"0"}
--------------------------------------------------------------------------------

================================================================================
2020-12-15T09:27:50+00050 : upstream message of 166 bytes
--------------------------------------------------------------------------------
{"id":"0","result":[{"rows":[{"model":"EA8300","serial_number":"21P10C69717951","sku_number":["set",[]],"manager_addr":"","firmware_version":"0.1.0"}]}],"error":null}
--------------------------------------------------------------------------------

================================================================================
2020-12-15T09:27:50+00050 : downstream message of 169 bytes
--------------------------------------------------------------------------------
{"method":"transact","params":["Open_vSwitch",{"op":"update","table":"AWLAN_Node","row":{"manager_addr":"ssl:opensync-controller.wlan.local:6640"},"where":[]}],"id":"1"}
--------------------------------------------------------------------------------

================================================================================
2020-12-15T09:27:51+00051 : upstream message of 46 bytes
--------------------------------------------------------------------------------
{"id":"1","result":[{"count":1}],"error":null}
--------------------------------------------------------------------------------

